[35m[1mConsolidate compiler generated dependencies of target demo01_pcl_spin[0m
[ 50%] Built target demo01_tf_spin
[ 75%] [32mBuilding CXX object CMakeFiles/demo01_pcl_spin.dir/src/demo01_pcl_spin.cpp.o[0m
[01m[K/home/simpletime/Project/learn02_pcl_spin/src/cpp01_pcl_spin/src/demo01_pcl_spin.cpp:10:10:[m[K [01;31m[Kfatal error: [m[Ktf2_sensor_msgs/tf2_sensor_msgs.hpp: No such file or directory
   10 | #include [01;31m[K"tf2_sensor_msgs/tf2_sensor_msgs.hpp"[m[K
      |          [01;31m[K^~~~~~~~~~~~~~~~~~~~~~~~~~~~~~~~~~~~~[m[K
compilation terminated.
gmake[2]: *** [CMakeFiles/demo01_pcl_spin.dir/build.make:76: CMakeFiles/demo01_pcl_spin.dir/src/demo01_pcl_spin.cpp.o] Error 1
gmake[1]: *** [CMakeFiles/Makefile2:139: CMakeFiles/demo01_pcl_spin.dir/all] Error 2
gmake: *** [Makefile:146: all] Error 2
