[0.014s] Invoking command in '/home/simpletime/Project/learn02_pcl_spin/build/cpp01_pcl_spin': CMAKE_PREFIX_PATH=${CMAKE_PREFIX_PATH}:/opt/ros/humble /usr/bin/cmake --build /home/simpletime/Project/learn02_pcl_spin/build/cpp01_pcl_spin -- -j32 -l32
[0.052s] -- Found ament_cmake: 1.3.10 (/opt/ros/humble/share/ament_cmake/cmake)
[0.198s] -- Found rclcpp: 16.0.10 (/opt/ros/humble/share/rclcpp/cmake)
[0.362s] -- Found rosidl_generator_c: 3.1.5 (/opt/ros/humble/share/rosidl_generator_c/cmake)
[0.366s] -- Found rosidl_adapter: 3.1.5 (/opt/ros/humble/share/rosidl_adapter/cmake)
[0.377s] -- Found rosidl_generator_cpp: 3.1.5 (/opt/ros/humble/share/rosidl_generator_cpp/cmake)
[0.392s] -- Using all available rosidl_typesupport_c: rosidl_typesupport_fastrtps_c;rosidl_typesupport_introspection_c
[0.409s] -- Using all available rosidl_typesupport_cpp: rosidl_typesupport_fastrtps_cpp;rosidl_typesupport_introspection_cpp
[0.459s] -- Found rmw_implementation_cmake: 6.1.2 (/opt/ros/humble/share/rmw_implementation_cmake/cmake)
[0.462s] -- Found rmw_fastrtps_cpp: 6.2.7 (/opt/ros/humble/share/rmw_fastrtps_cpp/cmake)
[4.828s] -- Using RMW implementation 'rmw_fastrtps_cpp' as default
[4.898s] -- Found tf2: 0.25.8 (/opt/ros/humble/share/tf2/cmake)
[4.922s] -- Found tf2_ros: 0.25.8 (/opt/ros/humble/share/tf2_ros/cmake)
[5.030s] -- Found sensor_msgs: 4.2.4 (/opt/ros/humble/share/sensor_msgs/cmake)
[5.051s] -- Found pcl_conversions: 2.4.5 (/opt/ros/humble/share/pcl_conversions/cmake)
[5.086s] -- Eigen found (include: /usr/include/eigen3, version: 3.4.0)
[6.470s] -- FLANN found (include: /usr/include, lib: /usr/lib/x86_64-linux-gnu/libflann_cpp.so)
[9.809s] -- OpenNI found (version: 1.5.4.0, include: /usr/include/ni, lib: /usr/lib/libOpenNI.so;libusb::libusb)
[9.816s] -- OpenNI2 found (version: 2.2.0.33, include: /usr/include/openni2, lib: /usr/lib/x86_64-linux-gnu/libOpenNI2.so;libusb::libusb)
[11.194s] -- Eigen found (include: /usr/include/eigen3, version: 3.4.0)
[11.198s] -- OpenNI found (version: 1.5.4.0, include: /usr/include/ni, lib: /usr/lib/libOpenNI.so;libusb::libusb)
[11.203s] -- OpenNI2 found (version: 2.2.0.33, include: /usr/include/openni2, lib: /usr/lib/x86_64-linux-gnu/libOpenNI2.so;libusb::libusb)
[12.911s] -- Found Qhull version 8.0.2
[14.681s] -- OpenNI found (version: 1.5.4.0, include: /usr/include/ni, lib: /usr/lib/libOpenNI.so;libusb::libusb)
[16.398s] -- Found ament_lint_auto: 0.12.11 (/opt/ros/humble/share/ament_lint_auto/cmake)
[16.473s] -- Added test 'cppcheck' to perform static code analysis on C / C++ code
[16.474s] -- Configured cppcheck include dirs: $<BUILD_INTERFACE:/home/simpletime/Project/learn02_pcl_spin/src/cpp01_pcl_spin/include>
[16.474s] -- Configured cppcheck exclude dirs and/or files: 
[16.474s] -- Added test 'lint_cmake' to check CMake code style
[16.476s] -- Added test 'uncrustify' to check C / C++ code style
[16.476s] -- Configured uncrustify additional arguments: 
[16.476s] -- Added test 'xmllint' to check XML markup files
[16.478s] -- Configuring done
[16.545s] -- Generating done
[16.548s] -- Build files have been written to: /home/simpletime/Project/learn02_pcl_spin/build/cpp01_pcl_spin
[16.590s] [35m[1mConsolidate compiler generated dependencies of target demo01_pcl_spin[0m
[16.599s] [ 25%] [32mBuilding CXX object CMakeFiles/demo01_tf_spin.dir/src/demo01_tf_spin.cpp.o[0m
[16.620s] [ 50%] [32m[1mLinking CXX executable demo01_pcl_spin[0m
[17.380s] /usr/bin/ld: CMakeFiles/demo01_pcl_spin.dir/src/demo01_pcl_spin.cpp.o: in function `PointCouldPublisher::pub()':
[17.380s] demo01_pcl_spin.cpp:(.text._ZN19PointCouldPublisher3pubEv[_ZN19PointCouldPublisher3pubEv]+0x3ec): undefined reference to `void tf2::doTransform<sensor_msgs::msg::PointCloud2_<std::allocator<void> > >(sensor_msgs::msg::PointCloud2_<std::allocator<void> > const&, sensor_msgs::msg::PointCloud2_<std::allocator<void> >&, geometry_msgs::msg::TransformStamped_<std::allocator<void> > const&)'
[17.440s] collect2: error: ld returned 1 exit status
[17.442s] gmake[2]: *** [CMakeFiles/demo01_pcl_spin.dir/build.make:326: demo01_pcl_spin] Error 1
[17.442s] gmake[1]: *** [CMakeFiles/Makefile2:139: CMakeFiles/demo01_pcl_spin.dir/all] Error 2
[17.442s] gmake[1]: *** Waiting for unfinished jobs....
[27.612s] [ 75%] [32m[1mLinking CXX executable demo01_tf_spin[0m
[28.301s] /usr/bin/ld: CMakeFiles/demo01_tf_spin.dir/src/demo01_tf_spin.cpp.o: in function `PointCouldPublisher::pub()':
[28.302s] demo01_tf_spin.cpp:(.text._ZN19PointCouldPublisher3pubEv[_ZN19PointCouldPublisher3pubEv]+0x3ec): undefined reference to `void tf2::doTransform<sensor_msgs::msg::PointCloud2_<std::allocator<void> > >(sensor_msgs::msg::PointCloud2_<std::allocator<void> > const&, sensor_msgs::msg::PointCloud2_<std::allocator<void> >&, geometry_msgs::msg::TransformStamped_<std::allocator<void> > const&)'
[28.365s] collect2: error: ld returned 1 exit status
[28.368s] gmake[2]: *** [CMakeFiles/demo01_tf_spin.dir/build.make:326: demo01_tf_spin] Error 1
[28.368s] gmake[1]: *** [CMakeFiles/Makefile2:165: CMakeFiles/demo01_tf_spin.dir/all] Error 2
[28.368s] gmake: *** [Makefile:146: all] Error 2
[28.372s] Invoked command in '/home/simpletime/Project/learn02_pcl_spin/build/cpp01_pcl_spin' returned '2': CMAKE_PREFIX_PATH=${CMAKE_PREFIX_PATH}:/opt/ros/humble /usr/bin/cmake --build /home/simpletime/Project/learn02_pcl_spin/build/cpp01_pcl_spin -- -j32 -l32
