[0.010s] Invoking command in '/home/simpletime/Project/ws02_tools/build/cpp01_tf_broadcaster': CMAKE_PREFIX_PATH=/opt/ros/humble /usr/bin/cmake --build /home/simpletime/Project/ws02_tools/build/cpp01_tf_broadcaster -- -j32 -l32
[0.032s] -- Found ament_cmake: 1.3.10 (/opt/ros/humble/share/ament_cmake/cmake)
[0.139s] -- Found rclcpp: 16.0.10 (/opt/ros/humble/share/rclcpp/cmake)
[0.260s] -- Found rosidl_generator_c: 3.1.5 (/opt/ros/humble/share/rosidl_generator_c/cmake)
[0.263s] -- Found rosidl_adapter: 3.1.5 (/opt/ros/humble/share/rosidl_adapter/cmake)
[0.272s] -- Found rosidl_generator_cpp: 3.1.5 (/opt/ros/humble/share/rosidl_generator_cpp/cmake)
[0.283s] -- Using all available rosidl_typesupport_c: rosidl_typesupport_fastrtps_c;rosidl_typesupport_introspection_c
[0.297s] -- Using all available rosidl_typesupport_cpp: rosidl_typesupport_fastrtps_cpp;rosidl_typesupport_introspection_cpp
[0.337s] -- Found rmw_implementation_cmake: 6.1.2 (/opt/ros/humble/share/rmw_implementation_cmake/cmake)
[0.339s] -- Found rmw_fastrtps_cpp: 6.2.7 (/opt/ros/humble/share/rmw_fastrtps_cpp/cmake)
[3.848s] -- Using RMW implementation 'rmw_fastrtps_cpp' as default
[3.902s] -- Found tf2: 0.25.8 (/opt/ros/humble/share/tf2/cmake)
[3.921s] -- Found tf2_ros: 0.25.8 (/opt/ros/humble/share/tf2_ros/cmake)
[4.006s] -- Found turtlesim: 1.4.2 (/opt/ros/humble/share/turtlesim/cmake)
[4.023s] -- Found ament_lint_auto: 0.12.11 (/opt/ros/humble/share/ament_lint_auto/cmake)
[4.083s] -- Added test 'cppcheck' to perform static code analysis on C / C++ code
[4.084s] -- Configured cppcheck include dirs: $<BUILD_INTERFACE:/home/simpletime/Project/ws02_tools/src/cpp01_tf_broadcaster/include>
[4.084s] -- Configured cppcheck exclude dirs and/or files: 
[4.084s] -- Added test 'lint_cmake' to check CMake code style
[4.086s] -- Added test 'uncrustify' to check C / C++ code style
[4.086s] -- Configured uncrustify additional arguments: 
[4.086s] -- Added test 'xmllint' to check XML markup files
[4.088s] -- Configuring done
[4.112s] -- Generating done
[4.114s] -- Build files have been written to: /home/simpletime/Project/ws02_tools/build/cpp01_tf_broadcaster
[4.135s] [35m[1mConsolidate compiler generated dependencies of target demo03_tf_listener[0m
[4.135s] [35m[1mConsolidate compiler generated dependencies of target demo02_dynamic_tf_broadcaster[0m
[4.136s] [35m[1mConsolidate compiler generated dependencies of target demo00_run1[0m
[4.136s] [35m[1mConsolidate compiler generated dependencies of target demo01_static_tf_broadcaster[0m
[4.136s] [35m[1mConsolidate compiler generated dependencies of target demo00_run[0m
[4.149s] [ 90%] Built target demo00_run1
[4.149s] [ 30%] [32m[1mLinking CXX executable demo03_tf_listener[0m
[4.149s] [ 90%] Built target demo02_dynamic_tf_broadcaster
[4.149s] [ 90%] Built target demo01_static_tf_broadcaster
[4.149s] [ 90%] Built target demo00_run
[4.412s] /usr/bin/ld: CMakeFiles/demo03_tf_listener.dir/src/demo03_tf_listener.cpp.o: in function `tf2::impl::toQuaternion(geometry_msgs::msg::Quaternion_<std::allocator<void> > const&)':
[4.412s] demo03_tf_listener.cpp:(.text._ZN3tf24impl12toQuaternionERKN13geometry_msgs3msg11Quaternion_ISaIvEEE[_ZN3tf24impl12toQuaternionERKN13geometry_msgs3msg11Quaternion_ISaIvEEE]+0x2f): undefined reference to `tf2::fromMsg(geometry_msgs::msg::Quaternion_<std::allocator<void> > const&, tf2::Quaternion&)'
[4.441s] collect2: error: ld returned 1 exit status
[4.443s] gmake[2]: *** [CMakeFiles/demo03_tf_listener.dir/build.make:205: demo03_tf_listener] Error 1
[4.443s] gmake[1]: *** [CMakeFiles/Makefile2:249: CMakeFiles/demo03_tf_listener.dir/all] Error 2
[4.443s] gmake: *** [Makefile:146: all] Error 2
[4.445s] Invoked command in '/home/simpletime/Project/ws02_tools/build/cpp01_tf_broadcaster' returned '2': CMAKE_PREFIX_PATH=/opt/ros/humble /usr/bin/cmake --build /home/simpletime/Project/ws02_tools/build/cpp01_tf_broadcaster -- -j32 -l32
