[0.011s] Invoking command in '/home/simpletime/project02_gameservice/build/game_service': AMENT_PREFIX_PATH=/home/simpletime/project02_gameservice/install/base_interfaces:${AMENT_PREFIX_PATH} CMAKE_PREFIX_PATH=/home/simpletime/project02_gameservice/install/base_interfaces:/opt/ros/humble LD_LIBRARY_PATH=/home/simpletime/project02_gameservice/install/base_interfaces/lib:${LD_LIBRARY_PATH} PYTHONPATH=/home/simpletime/project02_gameservice/install/base_interfaces/local/lib/python3.10/dist-packages:${PYTHONPATH} /usr/bin/cmake --build /home/simpletime/project02_gameservice/build/game_service -- -j4 -l4
[0.070s] [35m[1mConsolidate compiler generated dependencies of target game_server[0m
[0.082s] [ 25%] [32mBuilding CXX object CMakeFiles/gmae_client.dir/src/gmae_client.cpp.o[0m
[0.097s] [ 50%] [32mBuilding CXX object CMakeFiles/game_server.dir/src/game_server.cpp.o[0m
[0.392s] [01m[K/home/simpletime/project02_gameservice/src/game_service/src/gmae_client.cpp:3:10:[m[K [01;31m[Kfatal error: [m[Kstd_msgs/msg/string.hpp: æ²¡æœ‰é‚£ä¸ªæ–‡ä»¶æˆ–ç›®å½•
[0.392s]     3 | #include [01;31m[K"std_msgs/msg/string.hpp"[m[K
[0.392s]       |          [01;31m[K^~~~~~~~~~~~~~~~~~~~~~~~~[m[K
[0.392s] compilation terminated.
[0.395s] gmake[2]: *** [CMakeFiles/gmae_client.dir/build.make:76ï¼šCMakeFiles/gmae_client.dir/src/gmae_client.cpp.o] é”™è¯¯ 1
[0.396s] gmake[1]: *** [CMakeFiles/Makefile2:165ï¼šCMakeFiles/gmae_client.dir/all] é”™è¯¯ 2
[0.396s] gmake[1]: *** æ­£åœ¨ç­‰å¾…æœªå®Œæˆçš„ä»»åŠ¡....
[2.734s] [ 75%] [32m[1mLinking CXX executable game_server[0m
[2.884s] [ 75%] Built target game_server
[2.885s] gmake: *** [Makefile:146ï¼šall] é”™è¯¯ 2
[2.888s] Invoked command in '/home/simpletime/project02_gameservice/build/game_service' returned '2': AMENT_PREFIX_PATH=/home/simpletime/project02_gameservice/install/base_interfaces:${AMENT_PREFIX_PATH} CMAKE_PREFIX_PATH=/home/simpletime/project02_gameservice/install/base_interfaces:/opt/ros/humble LD_LIBRARY_PATH=/home/simpletime/project02_gameservice/install/base_interfaces/lib:${LD_LIBRARY_PATH} PYTHONPATH=/home/simpletime/project02_gameservice/install/base_interfaces/local/lib/python3.10/dist-packages:${PYTHONPATH} /usr/bin/cmake --build /home/simpletime/project02_gameservice/build/game_service -- -j4 -l4
