[0.012s] Invoking command in '/home/simpletime/Project/learn02_pcl_spin/build/cpp01_pcl_spin': CMAKE_PREFIX_PATH=${CMAKE_PREFIX_PATH}:/opt/ros/humble /usr/bin/cmake --build /home/simpletime/Project/learn02_pcl_spin/build/cpp01_pcl_spin -- -j32 -l32
[0.046s] [35m[1mConsolidate compiler generated dependencies of target demo01_pcl_spin[0m
[0.072s] [ 50%] [32mBuilding CXX object CMakeFiles/demo01_pcl_spin.dir/src/demo01_pcl_spin.cpp.o[0m
[3.879s] In file included from [01m[K/opt/ros/humble/include/rclcpp/rclcpp/client.hpp:40[m[K,
[3.880s]                  from [01m[K/opt/ros/humble/include/rclcpp/rclcpp/callback_group.hpp:24[m[K,
[3.880s]                  from [01m[K/opt/ros/humble/include/rclcpp/rclcpp/any_executable.hpp:20[m[K,
[3.880s]                  from [01m[K/opt/ros/humble/include/rclcpp/rclcpp/memory_strategy.hpp:25[m[K,
[3.880s]                  from [01m[K/opt/ros/humble/include/rclcpp/rclcpp/memory_strategies.hpp:18[m[K,
[3.880s]                  from [01m[K/opt/ros/humble/include/rclcpp/rclcpp/executor_options.hpp:20[m[K,
[3.880s]                  from [01m[K/opt/ros/humble/include/rclcpp/rclcpp/executor.hpp:37[m[K,
[3.880s]                  from [01m[K/opt/ros/humble/include/rclcpp/rclcpp/executors/multi_threaded_executor.hpp:25[m[K,
[3.880s]                  from [01m[K/opt/ros/humble/include/rclcpp/rclcpp/executors.hpp:21[m[K,
[3.880s]                  from [01m[K/opt/ros/humble/include/rclcpp/rclcpp/rclcpp.hpp:155[m[K,
[3.880s]                  from [01m[K/home/simpletime/Project/learn02_pcl_spin/src/cpp01_pcl_spin/src/demo01_pcl_spin.cpp:1[m[K:
[3.880s] [01m[K/home/simpletime/Project/learn02_pcl_spin/src/cpp01_pcl_spin/src/demo01_pcl_spin.cpp:[m[K In member function ‚Äò[01m[Kvoid PointCouldPublisher::getCloudcb(sensor_msgs::msg::PointCloud2)[m[K‚Äô:
[3.880s] [01m[K/home/simpletime/Project/learn02_pcl_spin/src/cpp01_pcl_spin/src/demo01_pcl_spin.cpp:67:35:[m[K [01;31m[Kerror: [m[Kexpected ‚Äò[01m[K)[m[K‚Äô before string constant
[3.880s]    67 |     RCLCPP_INFO(this->get_logger()[01;31m[K"Á¨¨‰∏Ä‰∏™ÁÇπÁöÑ‰ΩçÁΩÆ‰∏∫:%f %f %f"[m[K,cloud.points[0].x,cloud.points[0].y,cloud.points[0].z);
[3.880s]       |                                   [01;31m[K^~~~~~~~~~~~~~~~~~~~~~~~~~~[m[K
[3.881s] [01m[K/home/simpletime/Project/learn02_pcl_spin/src/cpp01_pcl_spin/src/demo01_pcl_spin.cpp:67:5:[m[K [01;36m[Knote: [m[Kto match this ‚Äò[01m[K([m[K‚Äô
[3.881s]    67 |     [01;36m[KRCLCPP_INFO[m[K(this->get_logger()"Á¨¨‰∏Ä‰∏™ÁÇπÁöÑ‰ΩçÁΩÆ‰∏∫:%f %f %f",cloud.points[0].x,cloud.points[0].y,cloud.points[0].z);
[3.881s]       |     [01;36m[K^~~~~~~~~~~[m[K
[3.881s] [01m[K/home/simpletime/Project/learn02_pcl_spin/src/cpp01_pcl_spin/src/demo01_pcl_spin.cpp:67:5:[m[K [01;31m[Kerror: [m[Ktemplate argument 1 is invalid
[3.881s]    67 |     [01;31m[KRCLCPP_INFO[m[K(this->get_logger()"Á¨¨‰∏Ä‰∏™ÁÇπÁöÑ‰ΩçÁΩÆ‰∏∫:%f %f %f",cloud.points[0].x,cloud.points[0].y,cloud.points[0].z);
[3.881s]       |     [01;31m[K^~~~~~~~~~~[m[K
[3.881s] [01m[K/home/simpletime/Project/learn02_pcl_spin/src/cpp01_pcl_spin/src/demo01_pcl_spin.cpp:67:5:[m[K [01;31m[Kerror: [m[Ktemplate argument 1 is invalid
[3.881s]    67 |     [01;31m[KRCLCPP_INFO[m[K(this->get_logger()"Á¨¨‰∏Ä‰∏™ÁÇπÁöÑ‰ΩçÁΩÆ‰∏∫:%f %f %f",cloud.points[0].x,cloud.points[0].y,cloud.points[0].z);
[3.881s]       |     [01;31m[K^~~~~~~~~~~[m[K
[3.881s] [01m[K/home/simpletime/Project/learn02_pcl_spin/src/cpp01_pcl_spin/src/demo01_pcl_spin.cpp:67:5:[m[K [01;31m[Kerror: [m[Ktemplate argument 1 is invalid
[3.881s]    67 |     [01;31m[KRCLCPP_INFO[m[K(this->get_logger()"Á¨¨‰∏Ä‰∏™ÁÇπÁöÑ‰ΩçÁΩÆ‰∏∫:%f %f %f",cloud.points[0].x,cloud.points[0].y,cloud.points[0].z);
[3.881s]       |     [01;31m[K^~~~~~~~~~~[m[K
[3.881s] In file included from [01m[K/opt/ros/humble/include/rclcpp/rclcpp/logging.hpp:24[m[K,
[3.881s]                  from [01m[K/opt/ros/humble/include/rclcpp/rclcpp/client.hpp:40[m[K,
[3.881s]                  from [01m[K/opt/ros/humble/include/rclcpp/rclcpp/callback_group.hpp:24[m[K,
[3.881s]                  from [01m[K/opt/ros/humble/include/rclcpp/rclcpp/any_executable.hpp:20[m[K,
[3.881s]                  from [01m[K/opt/ros/humble/include/rclcpp/rclcpp/memory_strategy.hpp:25[m[K,
[3.881s]                  from [01m[K/opt/ros/humble/include/rclcpp/rclcpp/memory_strategies.hpp:18[m[K,
[3.881s]                  from [01m[K/opt/ros/humble/include/rclcpp/rclcpp/executor_options.hpp:20[m[K,
[3.881s]                  from [01m[K/opt/ros/humble/include/rclcpp/rclcpp/executor.hpp:37[m[K,
[3.881s]                  from [01m[K/opt/ros/humble/include/rclcpp/rclcpp/executors/multi_threaded_executor.hpp:25[m[K,
[3.881s]                  from [01m[K/opt/ros/humble/include/rclcpp/rclcpp/executors.hpp:21[m[K,
[3.881s]                  from [01m[K/opt/ros/humble/include/rclcpp/rclcpp/rclcpp.hpp:155[m[K,
[3.882s]                  from [01m[K/home/simpletime/Project/learn02_pcl_spin/src/cpp01_pcl_spin/src/demo01_pcl_spin.cpp:1[m[K:
[3.882s] [01m[K/home/simpletime/Project/learn02_pcl_spin/src/cpp01_pcl_spin/src/demo01_pcl_spin.cpp:67:35:[m[K [01;31m[Kerror: [m[Kexpected ‚Äò[01m[K)[m[K‚Äô before string constant
[3.882s]    67 |     RCLCPP_INFO(this->get_logger()[01;31m[K"Á¨¨‰∏Ä‰∏™ÁÇπÁöÑ‰ΩçÁΩÆ‰∏∫:%f %f %f"[m[K,cloud.points[0].x,cloud.points[0].y,cloud.points[0].z);
[3.882s]       |                                   [01;31m[K^~~~~~~~~~~~~~~~~~~~~~~~~~~[m[K
[3.882s] [01m[K/home/simpletime/Project/learn02_pcl_spin/src/cpp01_pcl_spin/src/demo01_pcl_spin.cpp:67:5:[m[K [01;36m[Knote: [m[Kto match this ‚Äò[01m[K([m[K‚Äô
[3.882s]    67 |     [01;36m[KRCLCPP_INFO[m[K(this->get_logger()"Á¨¨‰∏Ä‰∏™ÁÇπÁöÑ‰ΩçÁΩÆ‰∏∫:%f %f %f",cloud.points[0].x,cloud.points[0].y,cloud.points[0].z);
[3.882s]       |     [01;36m[K^~~~~~~~~~~[m[K
[3.882s] [01m[K/home/simpletime/Project/learn02_pcl_spin/src/cpp01_pcl_spin/src/demo01_pcl_spin.cpp:67:5:[m[K [01;31m[Kerror: [m[Kexpected ‚Äò[01m[K)[m[K‚Äô before ‚Äò[01m[K}[m[K‚Äô token
[3.882s]    67 |     [01;31m[KRCLCPP_INFO[m[K(this->get_logger()"Á¨¨‰∏Ä‰∏™ÁÇπÁöÑ‰ΩçÁΩÆ‰∏∫:%f %f %f",cloud.points[0].x,cloud.points[0].y,cloud.points[0].z);
[3.882s]       |     [01;31m[K^~~~~~~~~~~[m[K
[3.882s] [01m[K/home/simpletime/Project/learn02_pcl_spin/src/cpp01_pcl_spin/src/demo01_pcl_spin.cpp:67:5:[m[K [01;36m[Knote: [m[Kto match this ‚Äò[01m[K([m[K‚Äô
[3.882s]    67 |     [01;36m[KRCLCPP_INFO[m[K(this->get_logger()"Á¨¨‰∏Ä‰∏™ÁÇπÁöÑ‰ΩçÁΩÆ‰∏∫:%f %f %f",cloud.points[0].x,cloud.points[0].y,cloud.points[0].z);
[3.882s]       |     [01;36m[K^~~~~~~~~~~[m[K
[3.882s] [01m[K/home/simpletime/Project/learn02_pcl_spin/src/cpp01_pcl_spin/src/demo01_pcl_spin.cpp:67:5:[m[K [01;31m[Kerror: [m[Kexpected ‚Äò[01m[K)[m[K‚Äô before ‚Äò[01m[K}[m[K‚Äô token
[3.882s]    67 |     [01;31m[KRCLCPP_INFO[m[K(this->get_logger()"Á¨¨‰∏Ä‰∏™ÁÇπÁöÑ‰ΩçÁΩÆ‰∏∫:%f %f %f",cloud.points[0].x,cloud.points[0].y,cloud.points[0].z);
[3.882s]       |     [01;31m[K^~~~~~~~~~~[m[K
[3.882s] [01m[K/home/simpletime/Project/learn02_pcl_spin/src/cpp01_pcl_spin/src/demo01_pcl_spin.cpp:67:5:[m[K [01;36m[Knote: [m[Kto match this ‚Äò[01m[K([m[K‚Äô
[3.882s]    67 |     [01;36m[KRCLCPP_INFO[m[K(this->get_logger()"Á¨¨‰∏Ä‰∏™ÁÇπÁöÑ‰ΩçÁΩÆ‰∏∫:%f %f %f",cloud.points[0].x,cloud.points[0].y,cloud.points[0].z);
[3.882s]       |     [01;36m[K^~~~~~~~~~~[m[K
[3.882s] [01m[K/home/simpletime/Project/learn02_pcl_spin/src/cpp01_pcl_spin/src/demo01_pcl_spin.cpp:67:5:[m[K [01;31m[Kerror: [m[Kexpected primary-expression before ‚Äò[01m[K}[m[K‚Äô token
[3.882s]    67 |     [01;31m[KRCLCPP_INFO[m[K(this->get_logger()"Á¨¨‰∏Ä‰∏™ÁÇπÁöÑ‰ΩçÁΩÆ‰∏∫:%f %f %f",cloud.points[0].x,cloud.points[0].y,cloud.points[0].z);
[3.882s]       |     [01;31m[K^~~~~~~~~~~[m[K
[6.191s] gmake[2]: *** [CMakeFiles/demo01_pcl_spin.dir/build.make:76: CMakeFiles/demo01_pcl_spin.dir/src/demo01_pcl_spin.cpp.o] Error 1
[6.192s] gmake[1]: *** [CMakeFiles/Makefile2:137: CMakeFiles/demo01_pcl_spin.dir/all] Error 2
[6.192s] gmake: *** [Makefile:146: all] Error 2
[6.194s] Invoked command in '/home/simpletime/Project/learn02_pcl_spin/build/cpp01_pcl_spin' returned '2': CMAKE_PREFIX_PATH=${CMAKE_PREFIX_PATH}:/opt/ros/humble /usr/bin/cmake --build /home/simpletime/Project/learn02_pcl_spin/build/cpp01_pcl_spin -- -j32 -l32
