[0.012s] Invoking command in '/home/simpletime/Project/ws02_tools/build/cpp01_tf_broadcaster': CMAKE_PREFIX_PATH=/opt/ros/humble /usr/bin/cmake --build /home/simpletime/Project/ws02_tools/build/cpp01_tf_broadcaster -- -j32 -l32
[0.040s] -- Found ament_cmake: 1.3.10 (/opt/ros/humble/share/ament_cmake/cmake)
[0.136s] -- Found rclcpp: 16.0.10 (/opt/ros/humble/share/rclcpp/cmake)
[0.254s] -- Found rosidl_generator_c: 3.1.5 (/opt/ros/humble/share/rosidl_generator_c/cmake)
[0.255s] -- Found rosidl_adapter: 3.1.5 (/opt/ros/humble/share/rosidl_adapter/cmake)
[0.259s] -- Found rosidl_generator_cpp: 3.1.5 (/opt/ros/humble/share/rosidl_generator_cpp/cmake)
[0.265s] -- Using all available rosidl_typesupport_c: rosidl_typesupport_fastrtps_c;rosidl_typesupport_introspection_c
[0.274s] -- Using all available rosidl_typesupport_cpp: rosidl_typesupport_fastrtps_cpp;rosidl_typesupport_introspection_cpp
[0.300s] -- Found rmw_implementation_cmake: 6.1.2 (/opt/ros/humble/share/rmw_implementation_cmake/cmake)
[0.301s] -- Found rmw_fastrtps_cpp: 6.2.7 (/opt/ros/humble/share/rmw_fastrtps_cpp/cmake)
[4.335s] -- Using RMW implementation 'rmw_fastrtps_cpp' as default
[4.376s] -- Found tf2: 0.25.8 (/opt/ros/humble/share/tf2/cmake)
[4.391s] -- Found tf2_ros: 0.25.8 (/opt/ros/humble/share/tf2_ros/cmake)
[4.493s] -- Found turtlesim: 1.4.2 (/opt/ros/humble/share/turtlesim/cmake)
[4.507s] -- Found sensor_msgs: 4.2.4 (/opt/ros/humble/share/sensor_msgs/cmake)
[4.528s] -- Eigen found (include: /usr/include/eigen3, version: 3.4.0)
[5.786s] -- FLANN found (include: /usr/include, lib: /usr/lib/x86_64-linux-gnu/libflann_cpp.so)
[8.564s] -- OpenNI found (version: 1.5.4.0, include: /usr/include/ni, lib: /usr/lib/libOpenNI.so;libusb::libusb)
[8.570s] -- OpenNI2 found (version: 2.2.0.33, include: /usr/include/openni2, lib: /usr/lib/x86_64-linux-gnu/libOpenNI2.so;libusb::libusb)
[8.570s] [0m** WARNING ** io features related to pcap will be disabled[0m
[10.128s] -- Eigen found (include: /usr/include/eigen3, version: 3.4.0)
[10.133s] -- OpenNI found (version: 1.5.4.0, include: /usr/include/ni, lib: /usr/lib/libOpenNI.so;libusb::libusb)
[10.137s] -- OpenNI2 found (version: 2.2.0.33, include: /usr/include/openni2, lib: /usr/lib/x86_64-linux-gnu/libOpenNI2.so;libusb::libusb)
[11.646s] -- Found Qhull version 8.0.2
[13.195s] -- OpenNI found (version: 1.5.4.0, include: /usr/include/ni, lib: /usr/lib/libOpenNI.so;libusb::libusb)
[14.692s] -- looking for PCL_COMMON
[14.693s] -- looking for PCL_KDTREE
[14.693s] -- looking for PCL_OCTREE
[14.693s] -- looking for PCL_SEARCH
[14.693s] -- looking for PCL_SAMPLE_CONSENSUS
[14.693s] -- looking for PCL_FILTERS
[14.694s] -- looking for PCL_2D
[14.694s] -- looking for PCL_GEOMETRY
[14.694s] -- looking for PCL_IO
[14.694s] -- looking for PCL_FEATURES
[14.694s] -- looking for PCL_ML
[14.695s] -- looking for PCL_SEGMENTATION
[14.695s] -- looking for PCL_VISUALIZATION
[14.695s] -- looking for PCL_SURFACE
[14.696s] -- looking for PCL_REGISTRATION
[14.696s] -- looking for PCL_KEYPOINTS
[14.696s] -- looking for PCL_TRACKING
[14.697s] -- looking for PCL_RECOGNITION
[14.697s] -- looking for PCL_STEREO
[14.697s] -- looking for PCL_APPS
[14.698s] -- looking for PCL_IN_HAND_SCANNER
[14.698s] -- looking for PCL_MODELER
[14.698s] -- looking for PCL_POINT_CLOUD_EDITOR
[14.698s] -- looking for PCL_OUTOFCORE
[14.698s] -- looking for PCL_PEOPLE
[14.699s] -- Found rviz2: 11.2.13 (/opt/ros/humble/share/rviz2/cmake)
[14.704s] -- Found ament_lint_auto: 0.12.11 (/opt/ros/humble/share/ament_lint_auto/cmake)
[14.759s] -- Added test 'cppcheck' to perform static code analysis on C / C++ code
[14.759s] -- Configured cppcheck include dirs: $<BUILD_INTERFACE:/home/simpletime/Project/ws02_tools/src/cpp01_tf_broadcaster/include>
[14.759s] -- Configured cppcheck exclude dirs and/or files: 
[14.760s] -- Added test 'lint_cmake' to check CMake code style
[14.760s] -- Added test 'uncrustify' to check C / C++ code style
[14.760s] -- Configured uncrustify additional arguments: 
[14.761s] -- Added test 'xmllint' to check XML markup files
[14.762s] -- Configuring done
[14.811s] -- Generating done
[14.813s] -- Build files have been written to: /home/simpletime/Project/ws02_tools/build/cpp01_tf_broadcaster
[14.845s] [35m[1mConsolidate compiler generated dependencies of target demo02_dynamic_tf_broadcaster[0m
[14.845s] [35m[1mConsolidate compiler generated dependencies of target demo03_tf_listener[0m
[14.845s] [35m[1mConsolidate compiler generated dependencies of target demo01_static_tf_broadcaster[0m
[14.846s] [35m[1mConsolidate compiler generated dependencies of target demo00_run1[0m
[14.846s] [35m[1mConsolidate compiler generated dependencies of target demo00_run[0m
[14.846s] [35m[1mConsolidate compiler generated dependencies of target demo04_pcl_reader[0m
[14.861s] [  8%] [32mBuilding CXX object CMakeFiles/demo04_pcl_reader.dir/src/demo04_pcl_reader.cpp.o[0m
[14.866s] [ 91%] Built target demo00_run1
[14.866s] [ 50%] Built target demo00_run
[14.866s] [ 91%] Built target demo01_static_tf_broadcaster
[14.866s] [ 91%] Built target demo02_dynamic_tf_broadcaster
[14.866s] [ 91%] Built target demo03_tf_listener
[15.094s] [01m[K/home/simpletime/Project/ws02_tools/src/cpp01_tf_broadcaster/src/demo04_pcl_reader.cpp:3:10:[m[K [01;31m[Kfatal error: [m[Ksensor_msgs/msg/point_cloud2.hpp: No such file or directory
[15.094s]     3 | #include [01;31m[K"sensor_msgs/msg/point_cloud2.hpp"[m[K
[15.094s]       |          [01;31m[K^~~~~~~~~~~~~~~~~~~~~~~~~~~~~~~~~~[m[K
[15.094s] compilation terminated.
[15.097s] gmake[2]: *** [CMakeFiles/demo04_pcl_reader.dir/build.make:76: CMakeFiles/demo04_pcl_reader.dir/src/demo04_pcl_reader.cpp.o] Error 1
[15.097s] gmake[1]: *** [CMakeFiles/Makefile2:277: CMakeFiles/demo04_pcl_reader.dir/all] Error 2
[15.097s] gmake: *** [Makefile:146: all] Error 2
[15.100s] Invoked command in '/home/simpletime/Project/ws02_tools/build/cpp01_tf_broadcaster' returned '2': CMAKE_PREFIX_PATH=/opt/ros/humble /usr/bin/cmake --build /home/simpletime/Project/ws02_tools/build/cpp01_tf_broadcaster -- -j32 -l32
