[0.012s] Invoking command in '/home/simpletime/Project/ws02_tools/build/cpp01_tf_broadcaster': CMAKE_PREFIX_PATH=/opt/ros/humble /usr/bin/cmake --build /home/simpletime/Project/ws02_tools/build/cpp01_tf_broadcaster -- -j32 -l32
[0.068s] [  8%] [32mBuilding CXX object CMakeFiles/demo04_pcl_reader.dir/src/demo04_pcl_reader.cpp.o[0m
[0.070s] [ 83%] Built target demo00_run1
[0.071s] [ 83%] Built target demo03_tf_listener
[0.071s] [ 66%] Built target demo01_static_tf_broadcaster
[0.071s] [ 66%] Built target demo02_dynamic_tf_broadcaster
[0.071s] [ 91%] Built target demo00_run
[0.948s] [01m[K/home/simpletime/Project/ws02_tools/src/cpp01_tf_broadcaster/src/demo04_pcl_reader.cpp:5:10:[m[K [01;31m[Kfatal error: [m[Ksensor_msgs/msg/point_cloud2.hpp: No such file or directory
[0.948s]     5 | #include [01;31m[K"sensor_msgs/msg/point_cloud2.hpp"[m[K
[0.948s]       |          [01;31m[K^~~~~~~~~~~~~~~~~~~~~~~~~~~~~~~~~~[m[K
[0.948s] compilation terminated.
[0.959s] gmake[2]: *** [CMakeFiles/demo04_pcl_reader.dir/build.make:76: CMakeFiles/demo04_pcl_reader.dir/src/demo04_pcl_reader.cpp.o] Error 1
[0.959s] gmake[1]: *** [CMakeFiles/Makefile2:277: CMakeFiles/demo04_pcl_reader.dir/all] Error 2
[0.960s] gmake: *** [Makefile:146: all] Error 2
[0.963s] Invoked command in '/home/simpletime/Project/ws02_tools/build/cpp01_tf_broadcaster' returned '2': CMAKE_PREFIX_PATH=/opt/ros/humble /usr/bin/cmake --build /home/simpletime/Project/ws02_tools/build/cpp01_tf_broadcaster -- -j32 -l32
