[0.009s] Invoking command in '/home/simpletime/exam/build/cpp_topic': CMAKE_PREFIX_PATH=/home/simpletime/exam/install/base_interface:/home/simpletime/exam/install/cpp_topic:/opt/ros/humble /usr/bin/cmake --build /home/simpletime/exam/build/cpp_topic -- -j4 -l4
[0.060s] [ 50%] [32mBuilding CXX object CMakeFiles/talker.dir/src/talker.cpp.o[0m
[0.261s] [01m[K/home/simpletime/exam/src/cpp_topic/src/talker.cpp:2:10:[m[K [01;31m[Kfatal error: [m[Kbase_interface/msg/message.hpp: æ²¡æœ‰é‚£ä¸ªæ–‡ä»¶æˆ–ç›®å½•
[0.261s]     2 | #include [01;31m[K"base_interface/msg/message.hpp"[m[K
[0.261s]       |          [01;31m[K^~~~~~~~~~~~~~~~~~~~~~~~~~~~~~~~[m[K
[0.261s] compilation terminated.
[0.264s] gmake[2]: *** [CMakeFiles/talker.dir/build.make:76ï¼šCMakeFiles/talker.dir/src/talker.cpp.o] é”™è¯¯ 1
[0.265s] gmake[1]: *** [CMakeFiles/Makefile2:137ï¼šCMakeFiles/talker.dir/all] é”™è¯¯ 2
[0.265s] gmake: *** [Makefile:146ï¼šall] é”™è¯¯ 2
[0.268s] Invoked command in '/home/simpletime/exam/build/cpp_topic' returned '2': CMAKE_PREFIX_PATH=/home/simpletime/exam/install/base_interface:/home/simpletime/exam/install/cpp_topic:/opt/ros/humble /usr/bin/cmake --build /home/simpletime/exam/build/cpp_topic -- -j4 -l4
