[0.006s] Invoking command in '/home/simpletime/exam/build/cpp_topic': AMENT_PREFIX_PATH=/home/simpletime/exam/install/base_interface:${AMENT_PREFIX_PATH} CMAKE_PREFIX_PATH=/home/simpletime/exam/install/base_interface:/opt/ros/humble LD_LIBRARY_PATH=/home/simpletime/exam/install/base_interface/lib:${LD_LIBRARY_PATH} PYTHONPATH=/home/simpletime/exam/install/base_interface/local/lib/python3.10/dist-packages:${PYTHONPATH} /usr/bin/cmake --build /home/simpletime/exam/build/cpp_topic -- -j4 -l4
[0.028s] -- Found ament_cmake: 1.3.10 (/opt/ros/humble/share/ament_cmake/cmake)
[0.128s] -- Found rclcpp: 16.0.10 (/opt/ros/humble/share/rclcpp/cmake)
[0.153s] -- Found rosidl_generator_c: 3.1.5 (/opt/ros/humble/share/rosidl_generator_c/cmake)
[0.156s] -- Found rosidl_adapter: 3.1.5 (/opt/ros/humble/share/rosidl_adapter/cmake)
[0.160s] -- Found rosidl_generator_cpp: 3.1.5 (/opt/ros/humble/share/rosidl_generator_cpp/cmake)
[0.170s] -- Using all available rosidl_typesupport_c: rosidl_typesupport_fastrtps_c;rosidl_typesupport_introspection_c
[0.180s] -- Using all available rosidl_typesupport_cpp: rosidl_typesupport_fastrtps_cpp;rosidl_typesupport_introspection_cpp
[0.205s] -- Found rmw_implementation_cmake: 6.1.2 (/opt/ros/humble/share/rmw_implementation_cmake/cmake)
[0.206s] -- Found rmw_fastrtps_cpp: 6.2.7 (/opt/ros/humble/share/rmw_fastrtps_cpp/cmake)
[0.294s] -- Using RMW implementation 'rmw_fastrtps_cpp' as default
[0.326s] -- Found base_interface: 0.0.0 (/home/simpletime/exam/install/base_interface/share/base_interface/cmake)
[0.331s] -- Found ament_lint_auto: 0.12.11 (/opt/ros/humble/share/ament_lint_auto/cmake)
[0.385s] -- Added test 'cppcheck' to perform static code analysis on C / C++ code
[0.385s] -- Configured cppcheck include dirs: $<BUILD_INTERFACE:/home/simpletime/exam/src/cpp_topic/include>
[0.385s] -- Configured cppcheck exclude dirs and/or files: 
[0.385s] -- Added test 'lint_cmake' to check CMake code style
[0.386s] -- Added test 'uncrustify' to check C / C++ code style
[0.386s] -- Configured uncrustify additional arguments: 
[0.386s] -- Added test 'xmllint' to check XML markup files
[0.387s] -- Configuring done
[0.396s] -- Generating done
[0.398s] -- Build files have been written to: /home/simpletime/exam/build/cpp_topic
[0.423s] [35m[1mConsolidate compiler generated dependencies of target talker[0m
[0.435s] [ 50%] [32mBuilding CXX object CMakeFiles/talker.dir/src/talker.cpp.o[0m
[0.638s] [01m[K/home/simpletime/exam/src/cpp_topic/src/talker.cpp:2:10:[m[K [01;31m[Kfatal error: [m[Kbase_interface/msg/message.hpp: æ²¡æœ‰é‚£ä¸ªæ–‡ä»¶æˆ–ç›®å½•
[0.638s]     2 | #include [01;31m[K"base_interface/msg/message.hpp"[m[K
[0.638s]       |          [01;31m[K^~~~~~~~~~~~~~~~~~~~~~~~~~~~~~~~[m[K
[0.639s] compilation terminated.
[0.642s] gmake[2]: *** [CMakeFiles/talker.dir/build.make:76ï¼šCMakeFiles/talker.dir/src/talker.cpp.o] é”™è¯¯ 1
[0.642s] gmake[1]: *** [CMakeFiles/Makefile2:137ï¼šCMakeFiles/talker.dir/all] é”™è¯¯ 2
[0.643s] gmake: *** [Makefile:146ï¼šall] é”™è¯¯ 2
[0.645s] Invoked command in '/home/simpletime/exam/build/cpp_topic' returned '2': AMENT_PREFIX_PATH=/home/simpletime/exam/install/base_interface:${AMENT_PREFIX_PATH} CMAKE_PREFIX_PATH=/home/simpletime/exam/install/base_interface:/opt/ros/humble LD_LIBRARY_PATH=/home/simpletime/exam/install/base_interface/lib:${LD_LIBRARY_PATH} PYTHONPATH=/home/simpletime/exam/install/base_interface/local/lib/python3.10/dist-packages:${PYTHONPATH} /usr/bin/cmake --build /home/simpletime/exam/build/cpp_topic -- -j4 -l4
