-- Found ament_cmake: 1.3.10 (/opt/ros/humble/share/ament_cmake/cmake)
-- Found rclcpp_components: 16.0.10 (/opt/ros/humble/share/rclcpp_components/cmake)
-- Found rosidl_generator_c: 3.1.5 (/opt/ros/humble/share/rosidl_generator_c/cmake)
-- Found rosidl_adapter: 3.1.5 (/opt/ros/humble/share/rosidl_adapter/cmake)
-- Found rosidl_generator_cpp: 3.1.5 (/opt/ros/humble/share/rosidl_generator_cpp/cmake)
-- Using all available rosidl_typesupport_c: rosidl_typesupport_fastrtps_c;rosidl_typesupport_introspection_c
-- Using all available rosidl_typesupport_cpp: rosidl_typesupport_fastrtps_cpp;rosidl_typesupport_introspection_cpp
-- Found rmw_implementation_cmake: 6.1.2 (/opt/ros/humble/share/rmw_implementation_cmake/cmake)
-- Found rmw_fastrtps_cpp: 6.2.7 (/opt/ros/humble/share/rmw_fastrtps_cpp/cmake)
-- Using RMW implementation 'rmw_fastrtps_cpp' as default
-- Found visualization_msgs: 4.2.4 (/opt/ros/humble/share/visualization_msgs/cmake)
-- Found cv_bridge: 3.2.1 (/opt/ros/humble/share/cv_bridge/cmake)
-- Found image_transport: 3.1.9 (/opt/ros/humble/share/image_transport/cmake)
-- Found ament_lint_auto: 0.12.11 (/opt/ros/humble/share/ament_lint_auto/cmake)
-- Added test 'cppcheck' to perform static code analysis on C / C++ code
-- Configured cppcheck include dirs: /home/simpletime/Project/identify_exchange_frame/identify_exchange_frame/include
-- Configured cppcheck exclude dirs and/or files: 
-- Added test 'flake8' to check Python code syntax and style conventions
-- Added test 'lint_cmake' to check CMake code style
-- Added test 'pep257' to check Python code against some of the docstring style conventions in PEP 257
-- Added test 'uncrustify' to check C / C++ code style
-- Configured uncrustify additional arguments: 
-- Added test 'xmllint' to check XML markup files
-- Configuring done
-- Generating done
-- Build files have been written to: /home/simpletime/Project/identify_exchange_frame/build/identify_frame
[ 33%] [32mBuilding CXX object CMakeFiles/engineering_node.dir/rclcpp_components/node_main_engineering_node.cpp.o[0m
[ 33%] [32mBuilding CXX object CMakeFiles/Slover.dir/include/keyPoints.cpp.o[0m
[ 33%] [32mBuilding CXX object CMakeFiles/Slover.dir/include/filter.cpp.o[0m
In file included from [01m[K/home/simpletime/Project/identify_exchange_frame/identify_exchange_frame/include/filter.cpp:1[m[K:
[01m[K/home/simpletime/Project/identify_exchange_frame/identify_exchange_frame/include/filter.hpp:1:[m[K [01;31m[Kerror: [m[Kunterminated #ifndef
    1 | #ifndef RM_FRAME_FILTER_FRAME_FILTER_HPP
      | 
gmake[2]: *** [CMakeFiles/Slover.dir/build.make:76ï¼šCMakeFiles/Slover.dir/include/filter.cpp.o] é”™è¯¯ 1
gmake[1]: *** [CMakeFiles/Makefile2:143ï¼šCMakeFiles/Slover.dir/all] é”™è¯¯ 2
gmake[1]: *** æ­£åœ¨ç­‰å¾…æœªå®Œæˆçš„ä»»åŠ¡....
[ 44%] [32m[1mLinking CXX executable engineering_node[0m
[ 44%] Built target engineering_node
gmake: *** [Makefile:146ï¼šall] é”™è¯¯ 2
