[0.008s] Invoking command in '/home/simpletime/Project/identify_exchange_frame/build/identify_frame': CMAKE_PREFIX_PATH=/opt/ros/humble /usr/bin/cmake /home/simpletime/Project/identify_exchange_frame/identify_exchange_frame -DCMAKE_INSTALL_PREFIX=/home/simpletime/Project/identify_exchange_frame/install/identify_frame
[0.016s] -- Found ament_cmake: 1.3.10 (/opt/ros/humble/share/ament_cmake/cmake)
[0.093s] -- Found rclcpp_components: 16.0.10 (/opt/ros/humble/share/rclcpp_components/cmake)
[0.111s] -- Found rosidl_generator_c: 3.1.5 (/opt/ros/humble/share/rosidl_generator_c/cmake)
[0.113s] -- Found rosidl_adapter: 3.1.5 (/opt/ros/humble/share/rosidl_adapter/cmake)
[0.117s] -- Found rosidl_generator_cpp: 3.1.5 (/opt/ros/humble/share/rosidl_generator_cpp/cmake)
[0.123s] -- Using all available rosidl_typesupport_c: rosidl_typesupport_fastrtps_c;rosidl_typesupport_introspection_c
[0.130s] -- Using all available rosidl_typesupport_cpp: rosidl_typesupport_fastrtps_cpp;rosidl_typesupport_introspection_cpp
[0.158s] -- Found rmw_implementation_cmake: 6.1.2 (/opt/ros/humble/share/rmw_implementation_cmake/cmake)
[0.159s] -- Found rmw_fastrtps_cpp: 6.2.7 (/opt/ros/humble/share/rmw_fastrtps_cpp/cmake)
[0.223s] -- Using RMW implementation 'rmw_fastrtps_cpp' as default
[0.250s] -- Found visualization_msgs: 4.2.4 (/opt/ros/humble/share/visualization_msgs/cmake)
[0.278s] -- Found cv_bridge: 3.2.1 (/opt/ros/humble/share/cv_bridge/cmake)
[0.279s] -- Found image_transport: 3.1.9 (/opt/ros/humble/share/image_transport/cmake)
[0.802s] -- Found ament_lint_auto: 0.12.11 (/opt/ros/humble/share/ament_lint_auto/cmake)
[0.860s] -- Added test 'cppcheck' to perform static code analysis on C / C++ code
[0.860s] -- Configured cppcheck include dirs: /home/simpletime/Project/identify_exchange_frame/identify_exchange_frame/include
[0.860s] -- Configured cppcheck exclude dirs and/or files: 
[0.861s] -- Added test 'flake8' to check Python code syntax and style conventions
[0.862s] -- Added test 'lint_cmake' to check CMake code style
[0.862s] -- Added test 'pep257' to check Python code against some of the docstring style conventions in PEP 257
[0.864s] -- Added test 'uncrustify' to check C / C++ code style
[0.864s] -- Configured uncrustify additional arguments: 
[0.864s] -- Added test 'xmllint' to check XML markup files
[0.866s] -- Configuring done
[1.086s] -- Generating done
[1.087s] -- Build files have been written to: /home/simpletime/Project/identify_exchange_frame/build/identify_frame
[1.095s] Invoked command in '/home/simpletime/Project/identify_exchange_frame/build/identify_frame' returned '0': CMAKE_PREFIX_PATH=/opt/ros/humble /usr/bin/cmake /home/simpletime/Project/identify_exchange_frame/identify_exchange_frame -DCMAKE_INSTALL_PREFIX=/home/simpletime/Project/identify_exchange_frame/install/identify_frame
[1.097s] Invoking command in '/home/simpletime/Project/identify_exchange_frame/build/identify_frame': CMAKE_PREFIX_PATH=/opt/ros/humble /usr/bin/cmake --build /home/simpletime/Project/identify_exchange_frame/build/identify_frame -- -j4 -l4
[1.137s] [ 33%] [32mBuilding CXX object CMakeFiles/engineering_node.dir/rclcpp_components/node_main_engineering_node.cpp.o[0m
[1.137s] [ 33%] [32mBuilding CXX object CMakeFiles/Slover.dir/include/keyPoints.cpp.o[0m
[1.137s] [ 33%] [32mBuilding CXX object CMakeFiles/Slover.dir/include/filter.cpp.o[0m
[1.190s] In file included from [01m[K/home/simpletime/Project/identify_exchange_frame/identify_exchange_frame/include/filter.cpp:1[m[K:
[1.190s] [01m[K/home/simpletime/Project/identify_exchange_frame/identify_exchange_frame/include/filter.hpp:1:[m[K [01;31m[Kerror: [m[Kunterminated #ifndef
[1.190s]     1 | #ifndef RM_FRAME_FILTER_FRAME_FILTER_HPP
[1.190s]       | 
[1.254s] gmake[2]: *** [CMakeFiles/Slover.dir/build.make:76ÔºöCMakeFiles/Slover.dir/include/filter.cpp.o] ÈîôËØØ 1
[1.255s] gmake[1]: *** [CMakeFiles/Makefile2:143ÔºöCMakeFiles/Slover.dir/all] ÈîôËØØ 2
[1.255s] gmake[1]: *** Ê≠£Âú®Á≠âÂæÖÊú™ÂÆåÊàêÁöÑ‰ªªÂä°....
[3.282s] [ 44%] [32m[1mLinking CXX executable engineering_node[0m
[3.387s] [ 44%] Built target engineering_node
[3.388s] gmake: *** [Makefile:146Ôºöall] ÈîôËØØ 2
[3.390s] Invoked command in '/home/simpletime/Project/identify_exchange_frame/build/identify_frame' returned '2': CMAKE_PREFIX_PATH=/opt/ros/humble /usr/bin/cmake --build /home/simpletime/Project/identify_exchange_frame/build/identify_frame -- -j4 -l4
