[0.012s] Invoking command in '/home/simpletime/Project/ws02_tools/build/cpp01_tf_broadcaster': CMAKE_PREFIX_PATH=/opt/ros/humble /usr/bin/cmake --build /home/simpletime/Project/ws02_tools/build/cpp01_tf_broadcaster -- -j32 -l32
[0.087s] [ 80%] Built target demo00_run
[0.087s] [ 80%] Built target demo02_dynamic_tf_broadcaster
[0.087s] [ 80%] Built target demo01_static_tf_broadcaster
[0.087s] [ 80%] [32mBuilding CXX object CMakeFiles/demo03_tf_listener.dir/src/demo03_tf_listener.cpp.o[0m
[0.087s] [ 90%] Built target demo00_run1
[6.148s] [100%] [32m[1mLinking CXX executable demo03_tf_listener[0m
[6.439s] /usr/bin/ld: CMakeFiles/demo03_tf_listener.dir/src/demo03_tf_listener.cpp.o: in function `tf2::impl::toQuaternion(geometry_msgs::msg::Quaternion_<std::allocator<void> > const&)':
[6.440s] demo03_tf_listener.cpp:(.text._ZN3tf24impl12toQuaternionERKN13geometry_msgs3msg11Quaternion_ISaIvEEE[_ZN3tf24impl12toQuaternionERKN13geometry_msgs3msg11Quaternion_ISaIvEEE]+0x2f): undefined reference to `tf2::fromMsg(geometry_msgs::msg::Quaternion_<std::allocator<void> > const&, tf2::Quaternion&)'
[6.469s] collect2: error: ld returned 1 exit status
[6.471s] gmake[2]: *** [CMakeFiles/demo03_tf_listener.dir/build.make:205: demo03_tf_listener] Error 1
[6.471s] gmake[1]: *** [CMakeFiles/Makefile2:249: CMakeFiles/demo03_tf_listener.dir/all] Error 2
[6.472s] gmake: *** [Makefile:146: all] Error 2
[6.474s] Invoked command in '/home/simpletime/Project/ws02_tools/build/cpp01_tf_broadcaster' returned '2': CMAKE_PREFIX_PATH=/opt/ros/humble /usr/bin/cmake --build /home/simpletime/Project/ws02_tools/build/cpp01_tf_broadcaster -- -j32 -l32
