[0.011s] Invoking command in '/home/simpletime/Project/proj_ws_pcl/build/pcl': CMAKE_PREFIX_PATH=/opt/ros/humble /usr/bin/cmake --build /home/simpletime/Project/proj_ws_pcl/build/pcl -- -j32 -l32
[0.050s] [ 50%] [32mBuilding CXX object CMakeFiles/reg_pcl.dir/src/reg_pcl.cpp.o[0m
[3.330s] [01m[K/home/simpletime/Project/proj_ws_pcl/src/pcl/src/reg_pcl.cpp:[m[K In member function â€˜[01m[Kvoid PointCouldPublisher::Pub_pcl()[m[Kâ€™:
[3.330s] [01m[K/home/simpletime/Project/proj_ws_pcl/src/pcl/src/reg_pcl.cpp:21:13:[m[K [01;31m[Kerror: [m[Kâ€˜[01m[Kpcl::io[m[Kâ€™ has not been declared
[3.330s]    21 |     if(pcl::[01;31m[Kio[m[K::loadPCDFile<pcl::PointXYZRGB>(path,*cloud) == -1){
[3.330s]       |             [01;31m[K^~[m[K
[3.330s] [01m[K/home/simpletime/Project/proj_ws_pcl/src/pcl/src/reg_pcl.cpp:21:45:[m[K [01;31m[Kerror: [m[Kexpected primary-expression before â€˜[01m[K>[m[Kâ€™ token
[3.330s]    21 |     if(pcl::io::loadPCDFile<pcl::PointXYZRGB[01;31m[K>[m[K(path,*cloud) == -1){
[3.330s]       |                                             [01;31m[K^[m[K
[3.330s] [01m[K/home/simpletime/Project/proj_ws_pcl/src/pcl/src/reg_pcl.cpp:21:47:[m[K [01;35m[Kwarning: [m[Kleft operand of comma operator has no effect [[01;35m[K]8;;https://gcc.gnu.org/onlinedocs/gcc/Warning-Options.html#index-Wunused-value-Wunused-value]8;;[m[K]
[3.331s]    21 |     if(pcl::io::loadPCDFile<pcl::PointXYZRGB>([01;35m[Kpath[m[K,*cloud) == -1){
[3.331s]       |                                               [01;35m[K^~~~[m[K
[3.338s] [01m[K/home/simpletime/Project/proj_ws_pcl/src/pcl/src/reg_pcl.cpp:27:10:[m[K [01;31m[Kerror: [m[Kâ€˜[01m[KtoROSMsg[m[Kâ€™ is not a member of â€˜[01m[Kpcl[m[Kâ€™
[3.338s]    27 |     pcl::[01;31m[KtoROSMsg[m[K(*cloud,*cloud_msg);
[3.338s]       |          [01;31m[K^~~~~~~~[m[K
[4.075s] gmake[2]: *** [CMakeFiles/reg_pcl.dir/build.make:76: CMakeFiles/reg_pcl.dir/src/reg_pcl.cpp.o] Error 1
[4.075s] gmake[1]: *** [CMakeFiles/Makefile2:137: CMakeFiles/reg_pcl.dir/all] Error 2
[4.075s] gmake: *** [Makefile:146: all] Error 2
[4.077s] Invoked command in '/home/simpletime/Project/proj_ws_pcl/build/pcl' returned '2': CMAKE_PREFIX_PATH=/opt/ros/humble /usr/bin/cmake --build /home/simpletime/Project/proj_ws_pcl/build/pcl -- -j32 -l32
