[0.019s] Invoking command in '/home/simpletime/Project/ws02_tools/build/cpp01_tf_broadcaster': CMAKE_PREFIX_PATH=/opt/ros/humble /usr/bin/cmake --build /home/simpletime/Project/ws02_tools/build/cpp01_tf_broadcaster -- -j32 -l32
[0.123s] -- Found ament_cmake: 1.3.10 (/opt/ros/humble/share/ament_cmake/cmake)
[0.319s] -- Found rclcpp: 16.0.10 (/opt/ros/humble/share/rclcpp/cmake)
[0.503s] -- Found rosidl_generator_c: 3.1.5 (/opt/ros/humble/share/rosidl_generator_c/cmake)
[0.508s] -- Found rosidl_adapter: 3.1.5 (/opt/ros/humble/share/rosidl_adapter/cmake)
[0.519s] -- Found rosidl_generator_cpp: 3.1.5 (/opt/ros/humble/share/rosidl_generator_cpp/cmake)
[0.536s] -- Using all available rosidl_typesupport_c: rosidl_typesupport_fastrtps_c;rosidl_typesupport_introspection_c
[0.554s] -- Using all available rosidl_typesupport_cpp: rosidl_typesupport_fastrtps_cpp;rosidl_typesupport_introspection_cpp
[0.606s] -- Found rmw_implementation_cmake: 6.1.2 (/opt/ros/humble/share/rmw_implementation_cmake/cmake)
[0.610s] -- Found rmw_fastrtps_cpp: 6.2.7 (/opt/ros/humble/share/rmw_fastrtps_cpp/cmake)
[5.265s] -- Using RMW implementation 'rmw_fastrtps_cpp' as default
[5.360s] -- Found tf2: 0.25.8 (/opt/ros/humble/share/tf2/cmake)
[5.388s] -- Found tf2_ros: 0.25.8 (/opt/ros/humble/share/tf2_ros/cmake)
[5.530s] -- Found turtlesim: 1.4.2 (/opt/ros/humble/share/turtlesim/cmake)
[5.548s] -- Found sensor_msgs: 4.2.4 (/opt/ros/humble/share/sensor_msgs/cmake)
[5.582s] -- Eigen found (include: /usr/include/eigen3, version: 3.4.0)
[7.122s] -- FLANN found (include: /usr/include, lib: /usr/lib/x86_64-linux-gnu/libflann_cpp.so)
[10.879s] -- OpenNI found (version: 1.5.4.0, include: /usr/include/ni, lib: /usr/lib/libOpenNI.so;libusb::libusb)
[10.886s] -- OpenNI2 found (version: 2.2.0.33, include: /usr/include/openni2, lib: /usr/lib/x86_64-linux-gnu/libOpenNI2.so;libusb::libusb)
[10.886s] [0m** WARNING ** io features related to pcap will be disabled[0m
[12.891s] -- Eigen found (include: /usr/include/eigen3, version: 3.4.0)
[12.896s] -- OpenNI found (version: 1.5.4.0, include: /usr/include/ni, lib: /usr/lib/libOpenNI.so;libusb::libusb)
[12.901s] -- OpenNI2 found (version: 2.2.0.33, include: /usr/include/openni2, lib: /usr/lib/x86_64-linux-gnu/libOpenNI2.so;libusb::libusb)
[14.953s] -- Found Qhull version 8.0.2
[16.822s] -- OpenNI found (version: 1.5.4.0, include: /usr/include/ni, lib: /usr/lib/libOpenNI.so;libusb::libusb)
[18.595s] -- looking for PCL_COMMON
[18.596s] -- looking for PCL_KDTREE
[18.596s] -- looking for PCL_OCTREE
[18.596s] -- looking for PCL_SEARCH
[18.596s] -- looking for PCL_SAMPLE_CONSENSUS
[18.597s] -- looking for PCL_FILTERS
[18.597s] -- looking for PCL_2D
[18.597s] -- looking for PCL_GEOMETRY
[18.597s] -- looking for PCL_IO
[18.598s] -- looking for PCL_FEATURES
[18.598s] -- looking for PCL_ML
[18.598s] -- looking for PCL_SEGMENTATION
[18.598s] -- looking for PCL_VISUALIZATION
[18.599s] -- looking for PCL_SURFACE
[18.599s] -- looking for PCL_REGISTRATION
[18.599s] -- looking for PCL_KEYPOINTS
[18.599s] -- looking for PCL_TRACKING
[18.600s] -- looking for PCL_RECOGNITION
[18.600s] -- looking for PCL_STEREO
[18.600s] -- looking for PCL_APPS
[18.601s] -- looking for PCL_IN_HAND_SCANNER
[18.601s] -- looking for PCL_MODELER
[18.601s] -- looking for PCL_POINT_CLOUD_EDITOR
[18.601s] -- looking for PCL_OUTOFCORE
[18.602s] -- looking for PCL_PEOPLE
[18.605s] -- Found rviz2: 11.2.13 (/opt/ros/humble/share/rviz2/cmake)
[18.614s] -- Found ament_lint_auto: 0.12.11 (/opt/ros/humble/share/ament_lint_auto/cmake)
[18.695s] -- Added test 'cppcheck' to perform static code analysis on C / C++ code
[18.696s] -- Configured cppcheck include dirs: $<BUILD_INTERFACE:/home/simpletime/Project/ws02_tools/src/cpp01_tf_broadcaster/include>
[18.696s] -- Configured cppcheck exclude dirs and/or files: 
[18.697s] -- Added test 'lint_cmake' to check CMake code style
[18.699s] -- Added test 'uncrustify' to check C / C++ code style
[18.699s] -- Configured uncrustify additional arguments: 
[18.699s] -- Added test 'xmllint' to check XML markup files
[18.702s] -- Configuring done
[18.784s] -- Generating done
[18.787s] -- Build files have been written to: /home/simpletime/Project/ws02_tools/build/cpp01_tf_broadcaster
[18.827s] [35m[1mConsolidate compiler generated dependencies of target demo00_run[0m
[18.828s] [35m[1mConsolidate compiler generated dependencies of target demo01_static_tf_broadcaster[0m
[18.828s] [35m[1mConsolidate compiler generated dependencies of target demo04_pcl_reader[0m
[18.828s] [35m[1mConsolidate compiler generated dependencies of target demo00_run1[0m
[18.828s] [35m[1mConsolidate compiler generated dependencies of target demo03_tf_listener[0m
[18.829s] [35m[1mConsolidate compiler generated dependencies of target demo02_dynamic_tf_broadcaster[0m
[18.846s] [ 16%] Built target demo01_static_tf_broadcaster
[18.846s] [ 33%] Built target demo00_run1
[18.847s] [ 50%] [32mBuilding CXX object CMakeFiles/demo04_pcl_reader.dir/src/demo04_pcl_reader.cpp.o[0m
[18.847s] [ 58%] Built target demo00_run
[18.847s] [ 75%] Built target demo03_tf_listener
[18.847s] [ 91%] Built target demo02_dynamic_tf_broadcaster
[19.388s] [01m[K/home/simpletime/Project/ws02_tools/src/cpp01_tf_broadcaster/src/demo04_pcl_reader.cpp:3:10:[m[K [01;31m[Kfatal error: [m[Ksensor_msgs/msg/point_cloud2.hpp: No such file or directory
[19.388s]     3 | #include [01;31m[K"sensor_msgs/msg/point_cloud2.hpp"[m[K
[19.388s]       |          [01;31m[K^~~~~~~~~~~~~~~~~~~~~~~~~~~~~~~~~~[m[K
[19.388s] compilation terminated.
[19.391s] gmake[2]: *** [CMakeFiles/demo04_pcl_reader.dir/build.make:76: CMakeFiles/demo04_pcl_reader.dir/src/demo04_pcl_reader.cpp.o] Error 1
[19.391s] gmake[1]: *** [CMakeFiles/Makefile2:277: CMakeFiles/demo04_pcl_reader.dir/all] Error 2
[19.392s] gmake: *** [Makefile:146: all] Error 2
[19.399s] Invoked command in '/home/simpletime/Project/ws02_tools/build/cpp01_tf_broadcaster' returned '2': CMAKE_PREFIX_PATH=/opt/ros/humble /usr/bin/cmake --build /home/simpletime/Project/ws02_tools/build/cpp01_tf_broadcaster -- -j32 -l32
