[0.010s] Invoking command in '/home/simpletime/ws01_plumbing/build/cpp01_topic': CMAKE_PREFIX_PATH=/home/simpletime/ws01_plumbing/install/base_interfaces_demo:/home/simpletime/ws01_plumbing/install/py01_topic:/home/simpletime/ws01_plumbing/install/cpp01_topic:/opt/ros/humble /usr/bin/cmake --build /home/simpletime/ws01_plumbing/build/cpp01_topic -- -j4 -l4
[0.045s] [35m[1mConsolidate compiler generated dependencies of target demo01_talker_str[0m
[0.062s] [ 50%] [32mBuilding CXX object CMakeFiles/demo01_talker_str.dir/src/demo01_talker_str.cpp.o[0m
[1.674s] [01m[K/home/simpletime/ws01_plumbing/src/cpp01_topic/src/demo01_talker_str.cpp:27:23:[m[K [01;31m[Kerror: [m[Kâ€˜[01m[Kstd_msgs[m[Kâ€™ was not declared in this scope
[1.674s]    27 |     rclcpp::Publisher<[01;31m[Kstd_msgs[m[K::msg::String>::SharedPtr publisher_;
[1.674s]       |                       [01;31m[K^~~~~~~~[m[K
[1.674s] [01m[K/home/simpletime/ws01_plumbing/src/cpp01_topic/src/demo01_talker_str.cpp:27:44:[m[K [01;31m[Kerror: [m[Ktemplate argument 1 is invalid
[1.674s]    27 |     rclcpp::Publisher<std_msgs::msg::String[01;31m[K>[m[K::SharedPtr publisher_;
[1.674s]       |                                            [01;31m[K^[m[K
[1.674s] [01m[K/home/simpletime/ws01_plumbing/src/cpp01_topic/src/demo01_talker_str.cpp:27:47:[m[K [01;31m[Kerror: [m[Kexpected â€˜[01m[K;[m[Kâ€™ at end of member declaration
[1.674s]    27 |     rclcpp::Publisher<std_msgs::msg::String>::[01;31m[KSharedPtr[m[K publisher_;
[1.674s]       |                                               [01;31m[K^~~~~~~~~[m[K
[1.674s]       |                                                        [32m[K;[m[K
[1.675s] [01m[K/home/simpletime/ws01_plumbing/src/cpp01_topic/src/demo01_talker_str.cpp:27:57:[m[K [01;31m[Kerror: [m[Kâ€˜[01m[Kpublisher_[m[Kâ€™ does not name a type; did you mean â€˜[01m[Krmw_publisher_t[m[Kâ€™?
[1.675s]    27 |     rclcpp::Publisher<std_msgs::msg::String>::SharedPtr [01;31m[Kpublisher_[m[K;
[1.675s]       |                                                         [01;31m[K^~~~~~~~~~[m[K
[1.675s]       |                                                         [32m[Krmw_publisher_t[m[K
[1.679s] [01m[K/home/simpletime/ws01_plumbing/src/cpp01_topic/src/demo01_talker_str.cpp:[m[K In constructor â€˜[01m[KTalker::Talker()[m[Kâ€™:
[1.679s] [01m[K/home/simpletime/ws01_plumbing/src/cpp01_topic/src/demo01_talker_str.cpp:16:9:[m[K [01;31m[Kerror: [m[Kâ€˜[01m[Kpublisher_[m[Kâ€™ was not declared in this scope; did you mean â€˜[01m[Krmw_publisher_t[m[Kâ€™?
[1.679s]    16 |         [01;31m[Kpublisher_[m[K = this->create_publisher<std_msgs::msg::String>("chatter",10);
[1.679s]       |         [01;31m[K^~~~~~~~~~[m[K
[1.679s]       |         [32m[Krmw_publisher_t[m[K
[1.682s] [01m[K/home/simpletime/ws01_plumbing/src/cpp01_topic/src/demo01_talker_str.cpp:16:45:[m[K [01;31m[Kerror: [m[Kâ€˜[01m[Kstd_msgs[m[Kâ€™ was not declared in this scope
[1.682s]    16 |         publisher_ = this->create_publisher<[01;31m[Kstd_msgs[m[K::msg::String>("chatter",10);
[1.682s]       |                                             [01;31m[K^~~~~~~~[m[K
[1.683s] [01m[K/home/simpletime/ws01_plumbing/src/cpp01_topic/src/demo01_talker_str.cpp:16:28:[m[K [01;31m[Kerror: [m[Kparse error in template argument list
[1.683s]    16 |         publisher_ = this->[01;31m[Kcreate_publisher<std_msgs::msg::String>[m[K("chatter",10);
[1.683s]       |                            [01;31m[K^~~~~~~~~~~~~~~~~~~~~~~~~~~~~~~~~~~~~~~[m[K
[1.683s] [01m[K/home/simpletime/ws01_plumbing/src/cpp01_topic/src/demo01_talker_str.cpp:16:67:[m[K [01;31m[Kerror: [m[Kno matching function for call to â€˜[01m[KTalker::create_publisher<<expression error> >(const char [8], int)[m[Kâ€™
[1.683s]    16 |         publisher_ = [01;31m[Kthis->create_publisher<std_msgs::msg::String>("chatter",10)[m[K;
[1.683s]       |                      [01;31m[K~~~~~~~~~~~~~~~~~~~~~~~~~~~~~~~~~~~~~~~~~~~~~^~~~~~~~~~~~~~[m[K
[1.683s] In file included from [01m[K/opt/ros/humble/include/rclcpp/rclcpp/executors/single_threaded_executor.hpp:28[m[K,
[1.683s]                  from [01m[K/opt/ros/humble/include/rclcpp/rclcpp/executors.hpp:22[m[K,
[1.683s]                  from [01m[K/opt/ros/humble/include/rclcpp/rclcpp/rclcpp.hpp:155[m[K,
[1.683s]                  from [01m[K/home/simpletime/ws01_plumbing/src/cpp01_topic/src/demo01_talker_str.cpp:7[m[K:
[1.683s] [01m[K/opt/ros/humble/include/rclcpp/rclcpp/node.hpp:195:3:[m[K [01;36m[Knote: [m[Kcandidate: â€˜[01m[Ktemplate<class MessageT, class AllocatorT, class PublisherT> std::shared_ptr<PublisherT> rclcpp::Node::create_publisher(const string&, const rclcpp::QoS&, const rclcpp::PublisherOptionsWithAllocator<AllocatorT>&)[m[Kâ€™
[1.683s]   195 |   [01;36m[Kcreate_publisher[m[K(
[1.683s]       |   [01;36m[K^~~~~~~~~~~~~~~~[m[K
[1.683s] [01m[K/opt/ros/humble/include/rclcpp/rclcpp/node.hpp:195:3:[m[K [01;36m[Knote: [m[K  template argument deduction/substitution failed:
[1.683s] [01m[K/home/simpletime/ws01_plumbing/src/cpp01_topic/src/demo01_talker_str.cpp:16:67:[m[K [01;31m[Kerror: [m[Ktemplate argument 1 is invalid
[1.683s]    16 |         publisher_ = [01;31m[Kthis->create_publisher<std_msgs::msg::String>("chatter",10)[m[K;
[1.683s]       |                      [01;31m[K~~~~~~~~~~~~~~~~~~~~~~~~~~~~~~~~~~~~~~~~~~~~~^~~~~~~~~~~~~~[m[K
[1.688s] [01m[K/home/simpletime/ws01_plumbing/src/cpp01_topic/src/demo01_talker_str.cpp:[m[K In member function â€˜[01m[Kvoid Talker::on_timer()[m[Kâ€™:
[1.688s] [01m[K/home/simpletime/ws01_plumbing/src/cpp01_topic/src/demo01_talker_str.cpp:22:24:[m[K [01;31m[Kerror: [m[Kâ€˜[01m[Kstd_msgs[m[Kâ€™ has not been declared
[1.688s]    22 |         auto message = [01;31m[Kstd_msgs[m[K::msg::String();
[1.688s]       |                        [01;31m[K^~~~~~~~[m[K
[1.692s] [01m[K/home/simpletime/ws01_plumbing/src/cpp01_topic/src/demo01_talker_str.cpp:25:9:[m[K [01;31m[Kerror: [m[Kâ€˜[01m[Kpublisher_[m[Kâ€™ was not declared in this scope; did you mean â€˜[01m[Krmw_publisher_t[m[Kâ€™?
[1.692s]    25 |         [01;31m[Kpublisher_[m[K->publish(message);
[1.692s]       |         [01;31m[K^~~~~~~~~~[m[K
[1.692s]       |         [32m[Krmw_publisher_t[m[K
[2.003s] gmake[2]: *** [CMakeFiles/demo01_talker_str.dir/build.make:76ï¼šCMakeFiles/demo01_talker_str.dir/src/demo01_talker_str.cpp.o] é”™è¯¯ 1
[2.003s] gmake[1]: *** [CMakeFiles/Makefile2:137ï¼šCMakeFiles/demo01_talker_str.dir/all] é”™è¯¯ 2
[2.003s] gmake: *** [Makefile:146ï¼šall] é”™è¯¯ 2
[2.005s] Invoked command in '/home/simpletime/ws01_plumbing/build/cpp01_topic' returned '2': CMAKE_PREFIX_PATH=/home/simpletime/ws01_plumbing/install/base_interfaces_demo:/home/simpletime/ws01_plumbing/install/py01_topic:/home/simpletime/ws01_plumbing/install/cpp01_topic:/opt/ros/humble /usr/bin/cmake --build /home/simpletime/ws01_plumbing/build/cpp01_topic -- -j4 -l4
