[0.010s] Invoking command in '/home/simpletime/Project/ws02_tools/build/cpp01_tf_broadcaster': CMAKE_PREFIX_PATH=/opt/ros/humble /usr/bin/cmake --build /home/simpletime/Project/ws02_tools/build/cpp01_tf_broadcaster -- -j32 -l32
[0.037s] -- Found ament_cmake: 1.3.10 (/opt/ros/humble/share/ament_cmake/cmake)
[0.152s] -- Found rclcpp: 16.0.10 (/opt/ros/humble/share/rclcpp/cmake)
[0.285s] -- Found rosidl_generator_c: 3.1.5 (/opt/ros/humble/share/rosidl_generator_c/cmake)
[0.288s] -- Found rosidl_adapter: 3.1.5 (/opt/ros/humble/share/rosidl_adapter/cmake)
[0.296s] -- Found rosidl_generator_cpp: 3.1.5 (/opt/ros/humble/share/rosidl_generator_cpp/cmake)
[0.310s] -- Using all available rosidl_typesupport_c: rosidl_typesupport_fastrtps_c;rosidl_typesupport_introspection_c
[0.326s] -- Using all available rosidl_typesupport_cpp: rosidl_typesupport_fastrtps_cpp;rosidl_typesupport_introspection_cpp
[0.365s] -- Found rmw_implementation_cmake: 6.1.2 (/opt/ros/humble/share/rmw_implementation_cmake/cmake)
[0.368s] -- Found rmw_fastrtps_cpp: 6.2.7 (/opt/ros/humble/share/rmw_fastrtps_cpp/cmake)
[4.200s] -- Using RMW implementation 'rmw_fastrtps_cpp' as default
[4.260s] -- Found tf2: 0.25.8 (/opt/ros/humble/share/tf2/cmake)
[4.280s] -- Found tf2_ros: 0.25.8 (/opt/ros/humble/share/tf2_ros/cmake)
[4.368s] -- Found turtlesim: 1.4.2 (/opt/ros/humble/share/turtlesim/cmake)
[4.383s] -- Found sensor_msgs: 4.2.4 (/opt/ros/humble/share/sensor_msgs/cmake)
[4.409s] -- Eigen found (include: /usr/include/eigen3, version: 3.4.0)
[5.549s] -- FLANN found (include: /usr/include, lib: /usr/lib/x86_64-linux-gnu/libflann_cpp.so)
[8.616s] -- OpenNI found (version: 1.5.4.0, include: /usr/include/ni, lib: /usr/lib/libOpenNI.so;libusb::libusb)
[8.621s] -- OpenNI2 found (version: 2.2.0.33, include: /usr/include/openni2, lib: /usr/lib/x86_64-linux-gnu/libOpenNI2.so;libusb::libusb)
[8.621s] [0m** WARNING ** io features related to pcap will be disabled[0m
[10.133s] -- Eigen found (include: /usr/include/eigen3, version: 3.4.0)
[10.138s] -- OpenNI found (version: 1.5.4.0, include: /usr/include/ni, lib: /usr/lib/libOpenNI.so;libusb::libusb)
[10.142s] -- OpenNI2 found (version: 2.2.0.33, include: /usr/include/openni2, lib: /usr/lib/x86_64-linux-gnu/libOpenNI2.so;libusb::libusb)
[11.713s] -- Found Qhull version 8.0.2
[13.207s] -- OpenNI found (version: 1.5.4.0, include: /usr/include/ni, lib: /usr/lib/libOpenNI.so;libusb::libusb)
[14.788s] -- looking for PCL_COMMON
[14.788s] -- looking for PCL_KDTREE
[14.788s] -- looking for PCL_OCTREE
[14.788s] -- looking for PCL_SEARCH
[14.789s] -- looking for PCL_SAMPLE_CONSENSUS
[14.789s] -- looking for PCL_FILTERS
[14.789s] -- looking for PCL_2D
[14.789s] -- looking for PCL_GEOMETRY
[14.789s] -- looking for PCL_IO
[14.790s] -- looking for PCL_FEATURES
[14.790s] -- looking for PCL_ML
[14.790s] -- looking for PCL_SEGMENTATION
[14.790s] -- looking for PCL_VISUALIZATION
[14.791s] -- looking for PCL_SURFACE
[14.791s] -- looking for PCL_REGISTRATION
[14.791s] -- looking for PCL_KEYPOINTS
[14.791s] -- looking for PCL_TRACKING
[14.792s] -- looking for PCL_RECOGNITION
[14.792s] -- looking for PCL_STEREO
[14.792s] -- looking for PCL_APPS
[14.793s] -- looking for PCL_IN_HAND_SCANNER
[14.793s] -- looking for PCL_MODELER
[14.793s] -- looking for PCL_POINT_CLOUD_EDITOR
[14.793s] -- looking for PCL_OUTOFCORE
[14.794s] -- looking for PCL_PEOPLE
[14.797s] -- Found rviz2: 11.2.13 (/opt/ros/humble/share/rviz2/cmake)
[14.803s] -- Found ament_lint_auto: 0.12.11 (/opt/ros/humble/share/ament_lint_auto/cmake)
[14.873s] -- Added test 'cppcheck' to perform static code analysis on C / C++ code
[14.874s] -- Configured cppcheck include dirs: $<BUILD_INTERFACE:/home/simpletime/Project/ws02_tools/src/cpp01_tf_broadcaster/include>
[14.874s] -- Configured cppcheck exclude dirs and/or files: 
[14.875s] -- Added test 'lint_cmake' to check CMake code style
[14.876s] -- Added test 'uncrustify' to check C / C++ code style
[14.876s] -- Configured uncrustify additional arguments: 
[14.876s] -- Added test 'xmllint' to check XML markup files
[14.878s] -- Configuring done
[14.947s] -- Generating done
[14.949s] -- Build files have been written to: /home/simpletime/Project/ws02_tools/build/cpp01_tf_broadcaster
[14.980s] [35m[1mConsolidate compiler generated dependencies of target demo00_run[0m
[14.980s] [35m[1mConsolidate compiler generated dependencies of target demo02_dynamic_tf_broadcaster[0m
[14.980s] [35m[1mConsolidate compiler generated dependencies of target demo00_run1[0m
[14.980s] [35m[1mConsolidate compiler generated dependencies of target demo01_static_tf_broadcaster[0m
[14.981s] [35m[1mConsolidate compiler generated dependencies of target demo03_tf_listener[0m
[14.982s] [35m[1mConsolidate compiler generated dependencies of target demo04_pcl_reader[0m
[14.996s] [ 33%] Built target demo01_static_tf_broadcaster
[14.997s] [ 33%] Built target demo00_run
[14.997s] [ 50%] Built target demo02_dynamic_tf_broadcaster
[14.997s] [ 66%] Built target demo00_run1
[14.997s] [ 83%] Built target demo03_tf_listener
[14.997s] [ 91%] [32mBuilding CXX object CMakeFiles/demo04_pcl_reader.dir/src/demo04_pcl_reader.cpp.o[0m
[15.909s] [01m[K/home/simpletime/Project/ws02_tools/src/cpp01_tf_broadcaster/src/demo04_pcl_reader.cpp:6:10:[m[K [01;31m[Kfatal error: [m[Kpcl_conversions/pcl_conversions.h: No such file or directory
[15.909s]     6 | #include [01;31m[K"pcl_conversions/pcl_conversions.h"[m[K
[15.909s]       |          [01;31m[K^~~~~~~~~~~~~~~~~~~~~~~~~~~~~~~~~~~[m[K
[15.909s] compilation terminated.
[15.919s] gmake[2]: *** [CMakeFiles/demo04_pcl_reader.dir/build.make:76: CMakeFiles/demo04_pcl_reader.dir/src/demo04_pcl_reader.cpp.o] Error 1
[15.919s] gmake[1]: *** [CMakeFiles/Makefile2:277: CMakeFiles/demo04_pcl_reader.dir/all] Error 2
[15.919s] gmake: *** [Makefile:146: all] Error 2
[15.923s] Invoked command in '/home/simpletime/Project/ws02_tools/build/cpp01_tf_broadcaster' returned '2': CMAKE_PREFIX_PATH=/opt/ros/humble /usr/bin/cmake --build /home/simpletime/Project/ws02_tools/build/cpp01_tf_broadcaster -- -j32 -l32
