[0.019s] Invoking command in '/home/simpletime/Project/ws02_tools/build/cpp01_tf_broadcaster': CMAKE_PREFIX_PATH=/opt/ros/humble /usr/bin/cmake --build /home/simpletime/Project/ws02_tools/build/cpp01_tf_broadcaster -- -j32 -l32
[0.156s] -- Found ament_cmake: 1.3.10 (/opt/ros/humble/share/ament_cmake/cmake)
[0.300s] -- Found rclcpp: 16.0.10 (/opt/ros/humble/share/rclcpp/cmake)
[0.440s] -- Found rosidl_generator_c: 3.1.5 (/opt/ros/humble/share/rosidl_generator_c/cmake)
[0.444s] -- Found rosidl_adapter: 3.1.5 (/opt/ros/humble/share/rosidl_adapter/cmake)
[0.453s] -- Found rosidl_generator_cpp: 3.1.5 (/opt/ros/humble/share/rosidl_generator_cpp/cmake)
[0.468s] -- Using all available rosidl_typesupport_c: rosidl_typesupport_fastrtps_c;rosidl_typesupport_introspection_c
[0.484s] -- Using all available rosidl_typesupport_cpp: rosidl_typesupport_fastrtps_cpp;rosidl_typesupport_introspection_cpp
[0.531s] -- Found rmw_implementation_cmake: 6.1.2 (/opt/ros/humble/share/rmw_implementation_cmake/cmake)
[0.533s] -- Found rmw_fastrtps_cpp: 6.2.7 (/opt/ros/humble/share/rmw_fastrtps_cpp/cmake)
[5.031s] -- Using RMW implementation 'rmw_fastrtps_cpp' as default
[5.100s] -- Found tf2: 0.25.8 (/opt/ros/humble/share/tf2/cmake)
[5.122s] -- Found tf2_ros: 0.25.8 (/opt/ros/humble/share/tf2_ros/cmake)
[5.225s] -- Found turtlesim: 1.4.2 (/opt/ros/humble/share/turtlesim/cmake)
[5.243s] -- Found sensor_msgs: 4.2.4 (/opt/ros/humble/share/sensor_msgs/cmake)
[5.275s] -- Eigen found (include: /usr/include/eigen3, version: 3.4.0)
[6.605s] -- FLANN found (include: /usr/include, lib: /usr/lib/x86_64-linux-gnu/libflann_cpp.so)
[10.100s] -- OpenNI found (version: 1.5.4.0, include: /usr/include/ni, lib: /usr/lib/libOpenNI.so;libusb::libusb)
[10.106s] -- OpenNI2 found (version: 2.2.0.33, include: /usr/include/openni2, lib: /usr/lib/x86_64-linux-gnu/libOpenNI2.so;libusb::libusb)
[10.107s] [0m** WARNING ** io features related to pcap will be disabled[0m
[11.862s] -- Eigen found (include: /usr/include/eigen3, version: 3.4.0)
[11.868s] -- OpenNI found (version: 1.5.4.0, include: /usr/include/ni, lib: /usr/lib/libOpenNI.so;libusb::libusb)
[11.873s] -- OpenNI2 found (version: 2.2.0.33, include: /usr/include/openni2, lib: /usr/lib/x86_64-linux-gnu/libOpenNI2.so;libusb::libusb)
[13.658s] -- Found Qhull version 8.0.2
[15.461s] -- OpenNI found (version: 1.5.4.0, include: /usr/include/ni, lib: /usr/lib/libOpenNI.so;libusb::libusb)
[17.326s] -- looking for PCL_COMMON
[17.327s] -- looking for PCL_KDTREE
[17.327s] -- looking for PCL_OCTREE
[17.327s] -- looking for PCL_SEARCH
[17.327s] -- looking for PCL_SAMPLE_CONSENSUS
[17.327s] -- looking for PCL_FILTERS
[17.328s] -- looking for PCL_2D
[17.328s] -- looking for PCL_GEOMETRY
[17.328s] -- looking for PCL_IO
[17.328s] -- looking for PCL_FEATURES
[17.329s] -- looking for PCL_ML
[17.329s] -- looking for PCL_SEGMENTATION
[17.329s] -- looking for PCL_VISUALIZATION
[17.329s] -- looking for PCL_SURFACE
[17.330s] -- looking for PCL_REGISTRATION
[17.330s] -- looking for PCL_KEYPOINTS
[17.330s] -- looking for PCL_TRACKING
[17.331s] -- looking for PCL_RECOGNITION
[17.331s] -- looking for PCL_STEREO
[17.331s] -- looking for PCL_APPS
[17.332s] -- looking for PCL_IN_HAND_SCANNER
[17.332s] -- looking for PCL_MODELER
[17.332s] -- looking for PCL_POINT_CLOUD_EDITOR
[17.332s] -- looking for PCL_OUTOFCORE
[17.333s] -- looking for PCL_PEOPLE
[17.336s] -- Found rviz2: 11.2.13 (/opt/ros/humble/share/rviz2/cmake)
[17.343s] -- Found ament_lint_auto: 0.12.11 (/opt/ros/humble/share/ament_lint_auto/cmake)
[17.417s] -- Added test 'cppcheck' to perform static code analysis on C / C++ code
[17.417s] -- Configured cppcheck include dirs: $<BUILD_INTERFACE:/home/simpletime/Project/ws02_tools/src/cpp01_tf_broadcaster/include>
[17.418s] -- Configured cppcheck exclude dirs and/or files: 
[17.418s] -- Added test 'lint_cmake' to check CMake code style
[17.420s] -- Added test 'uncrustify' to check C / C++ code style
[17.420s] -- Configured uncrustify additional arguments: 
[17.420s] -- Added test 'xmllint' to check XML markup files
[17.422s] -- Configuring done
[17.464s] -- Generating done
[17.467s] -- Build files have been written to: /home/simpletime/Project/ws02_tools/build/cpp01_tf_broadcaster
[17.503s] [35m[1mConsolidate compiler generated dependencies of target demo02_dynamic_tf_broadcaster[0m
[17.503s] [35m[1mConsolidate compiler generated dependencies of target demo03_tf_listener[0m
[17.503s] [35m[1mConsolidate compiler generated dependencies of target demo01_static_tf_broadcaster[0m
[17.504s] [35m[1mConsolidate compiler generated dependencies of target demo00_run1[0m
[17.504s] [35m[1mConsolidate compiler generated dependencies of target demo04_pcl_reader[0m
[17.504s] [35m[1mConsolidate compiler generated dependencies of target demo00_run[0m
[17.524s] [  8%] [32mBuilding CXX object CMakeFiles/demo04_pcl_reader.dir/src/demo04_pcl_reader.cpp.o[0m
[17.530s] [ 25%] Built target demo00_run
[17.530s] [ 66%] Built target demo00_run1
[17.530s] [ 75%] Built target demo02_dynamic_tf_broadcaster
[17.530s] [ 75%] Built target demo01_static_tf_broadcaster
[17.530s] [ 91%] Built target demo03_tf_listener
[17.965s] [01m[K/home/simpletime/Project/ws02_tools/src/cpp01_tf_broadcaster/src/demo04_pcl_reader.cpp:3:10:[m[K [01;31m[Kfatal error: [m[Ksensor_msgs/msg/point_cloud2.hpp: No such file or directory
[17.965s]     3 | #include [01;31m[K"sensor_msgs/msg/point_cloud2.hpp"[m[K
[17.965s]       |          [01;31m[K^~~~~~~~~~~~~~~~~~~~~~~~~~~~~~~~~~[m[K
[17.965s] compilation terminated.
[17.967s] gmake[2]: *** [CMakeFiles/demo04_pcl_reader.dir/build.make:76: CMakeFiles/demo04_pcl_reader.dir/src/demo04_pcl_reader.cpp.o] Error 1
[17.968s] gmake[1]: *** [CMakeFiles/Makefile2:277: CMakeFiles/demo04_pcl_reader.dir/all] Error 2
[17.968s] gmake: *** [Makefile:146: all] Error 2
[17.971s] Invoked command in '/home/simpletime/Project/ws02_tools/build/cpp01_tf_broadcaster' returned '2': CMAKE_PREFIX_PATH=/opt/ros/humble /usr/bin/cmake --build /home/simpletime/Project/ws02_tools/build/cpp01_tf_broadcaster -- -j32 -l32
