[0.015s] Invoking command in '/home/simpletime/Project/learn02_pcl_spin/build/cpp01_pcl_spin': CMAKE_PREFIX_PATH=/opt/ros/humble /usr/bin/cmake --build /home/simpletime/Project/learn02_pcl_spin/build/cpp01_pcl_spin -- -j32 -l32
[0.041s] -- Found ament_cmake: 1.3.10 (/opt/ros/humble/share/ament_cmake/cmake)
[0.164s] -- Found rclcpp: 16.0.10 (/opt/ros/humble/share/rclcpp/cmake)
[0.322s] -- Found rosidl_generator_c: 3.1.5 (/opt/ros/humble/share/rosidl_generator_c/cmake)
[0.324s] -- Found rosidl_adapter: 3.1.5 (/opt/ros/humble/share/rosidl_adapter/cmake)
[0.328s] -- Found rosidl_generator_cpp: 3.1.5 (/opt/ros/humble/share/rosidl_generator_cpp/cmake)
[0.339s] -- Using all available rosidl_typesupport_c: rosidl_typesupport_fastrtps_c;rosidl_typesupport_introspection_c
[0.349s] -- Using all available rosidl_typesupport_cpp: rosidl_typesupport_fastrtps_cpp;rosidl_typesupport_introspection_cpp
[0.378s] -- Found rmw_implementation_cmake: 6.1.2 (/opt/ros/humble/share/rmw_implementation_cmake/cmake)
[0.380s] -- Found rmw_fastrtps_cpp: 6.2.7 (/opt/ros/humble/share/rmw_fastrtps_cpp/cmake)
[5.335s] -- Using RMW implementation 'rmw_fastrtps_cpp' as default
[5.378s] -- Found tf2: 0.25.8 (/opt/ros/humble/share/tf2/cmake)
[5.391s] -- Found tf2_ros: 0.25.8 (/opt/ros/humble/share/tf2_ros/cmake)
[5.453s] -- Found sensor_msgs: 4.2.4 (/opt/ros/humble/share/sensor_msgs/cmake)
[5.467s] -- Found pcl_conversions: 2.4.5 (/opt/ros/humble/share/pcl_conversions/cmake)
[5.492s] -- Eigen found (include: /usr/include/eigen3, version: 3.4.0)
[6.834s] -- FLANN found (include: /usr/include, lib: /usr/lib/x86_64-linux-gnu/libflann_cpp.so)
[10.214s] -- OpenNI found (version: 1.5.4.0, include: /usr/include/ni, lib: /usr/lib/libOpenNI.so;libusb::libusb)
[10.218s] -- OpenNI2 found (version: 2.2.0.33, include: /usr/include/openni2, lib: /usr/lib/x86_64-linux-gnu/libOpenNI2.so;libusb::libusb)
[11.964s] -- Eigen found (include: /usr/include/eigen3, version: 3.4.0)
[11.969s] -- OpenNI found (version: 1.5.4.0, include: /usr/include/ni, lib: /usr/lib/libOpenNI.so;libusb::libusb)
[11.974s] -- OpenNI2 found (version: 2.2.0.33, include: /usr/include/openni2, lib: /usr/lib/x86_64-linux-gnu/libOpenNI2.so;libusb::libusb)
[13.745s] -- Found Qhull version 8.0.2
[15.586s] -- OpenNI found (version: 1.5.4.0, include: /usr/include/ni, lib: /usr/lib/libOpenNI.so;libusb::libusb)
[17.405s] -- Found tf2_geometry_msgs: 0.25.8 (/opt/ros/humble/share/tf2_geometry_msgs/cmake)
[17.448s] -- Found eigen3_cmake_module: 0.1.1 (/opt/ros/humble/share/eigen3_cmake_module/cmake)
[17.449s] -- Found Eigen3: TRUE (found version "3.4.0") 
[17.449s] -- Ensuring Eigen3 include directory is part of orocos-kdl CMake target
[17.464s] -- Found ament_lint_auto: 0.12.11 (/opt/ros/humble/share/ament_lint_auto/cmake)
[17.534s] -- Added test 'cppcheck' to perform static code analysis on C / C++ code
[17.534s] -- Configured cppcheck include dirs: $<BUILD_INTERFACE:/home/simpletime/Project/learn02_pcl_spin/src/cpp01_pcl_spin/include>
[17.535s] -- Configured cppcheck exclude dirs and/or files: 
[17.535s] -- Added test 'lint_cmake' to check CMake code style
[17.536s] -- Added test 'uncrustify' to check C / C++ code style
[17.536s] -- Configured uncrustify additional arguments: 
[17.536s] -- Added test 'xmllint' to check XML markup files
[17.538s] -- Configuring done
[17.604s] -- Generating done
[17.608s] -- Build files have been written to: /home/simpletime/Project/learn02_pcl_spin/build/cpp01_pcl_spin
[17.643s] [35m[1mConsolidate compiler generated dependencies of target demo01_pcl_spin[0m
[17.645s] [35m[1mConsolidate compiler generated dependencies of target demo01_tf_spin[0m
[17.676s] [ 25%] [32mBuilding CXX object CMakeFiles/demo01_pcl_spin.dir/src/demo01_pcl_spin.cpp.o[0m
[17.677s] [ 50%] [32mBuilding CXX object CMakeFiles/demo01_tf_spin.dir/src/demo01_tf_spin.cpp.o[0m
[24.473s] [ 75%] [32m[1mLinking CXX executable demo01_tf_spin[0m
[25.104s] [ 75%] Built target demo01_tf_spin
[29.048s] [100%] [32m[1mLinking CXX executable demo01_pcl_spin[0m
[29.831s] /usr/bin/ld: CMakeFiles/demo01_pcl_spin.dir/src/demo01_pcl_spin.cpp.o: in function `PointCouldPublisher::do_cb()':
[29.831s] demo01_pcl_spin.cpp:(.text._ZN19PointCouldPublisher5do_cbEv[_ZN19PointCouldPublisher5do_cbEv]+0x7ec): undefined reference to `void tf2::doTransform<sensor_msgs::msg::PointCloud2_<std::allocator<void> > >(sensor_msgs::msg::PointCloud2_<std::allocator<void> > const&, sensor_msgs::msg::PointCloud2_<std::allocator<void> >&, geometry_msgs::msg::TransformStamped_<std::allocator<void> > const&)'
[29.887s] collect2: error: ld returned 1 exit status
[29.889s] gmake[2]: *** [CMakeFiles/demo01_pcl_spin.dir/build.make:327: demo01_pcl_spin] Error 1
[29.890s] gmake[1]: *** [CMakeFiles/Makefile2:139: CMakeFiles/demo01_pcl_spin.dir/all] Error 2
[29.890s] gmake: *** [Makefile:146: all] Error 2
[29.894s] Invoked command in '/home/simpletime/Project/learn02_pcl_spin/build/cpp01_pcl_spin' returned '2': CMAKE_PREFIX_PATH=/opt/ros/humble /usr/bin/cmake --build /home/simpletime/Project/learn02_pcl_spin/build/cpp01_pcl_spin -- -j32 -l32
