[0.020s] Invoking command in '/home/simpletime/Project/learn02_pcl_spin/build/cpp03_pcl_move': CMAKE_PREFIX_PATH=${CMAKE_PREFIX_PATH}:/opt/ros/humble /usr/bin/cmake --build /home/simpletime/Project/learn02_pcl_spin/build/cpp03_pcl_move -- -j32 -l32
[0.052s] [35m[1mConsolidate compiler generated dependencies of target demo02_pcl_pub[0m
[0.063s] [ 25%] [32mBuilding CXX object CMakeFiles/demo01_tf_spin.dir/src/demo01_tf_spin.cpp.o[0m
[0.078s] [ 50%] [32mBuilding CXX object CMakeFiles/demo02_pcl_pub.dir/src/demo02_pcl_pub.cpp.o[0m
[4.448s] [01m[K/home/simpletime/Project/learn02_pcl_spin/src/cpp03_pcl_move/src/demo02_pcl_pub.cpp:[m[K In constructor â€˜[01m[KTFPublisher::TFPublisher()[m[Kâ€™:
[4.448s] [01m[K/home/simpletime/Project/learn02_pcl_spin/src/cpp03_pcl_move/src/demo02_pcl_pub.cpp:38:5:[m[K [01;31m[Kerror: [m[Kâ€˜[01m[Ktfpublisher_[m[Kâ€™ was not declared in this scope; did you mean â€˜[01m[Kpcpublisher_[m[Kâ€™?
[4.448s]    38 |     [01;31m[Ktfpublisher_[m[K = std::make_shared<tf2_ros::TransformBroadcaster>(this);
[4.448s]       |     [01;31m[K^~~~~~~~~~~~[m[K
[4.448s]       |     [32m[Kpcpublisher_[m[K
[6.239s] [ 75%] [32m[1mLinking CXX executable demo01_tf_spin[0m
[6.662s] [ 75%] Built target demo01_tf_spin
[8.541s] gmake[2]: *** [CMakeFiles/demo02_pcl_pub.dir/build.make:76: CMakeFiles/demo02_pcl_pub.dir/src/demo02_pcl_pub.cpp.o] Error 1
[8.542s] gmake[1]: *** [CMakeFiles/Makefile2:165: CMakeFiles/demo02_pcl_pub.dir/all] Error 2
[8.542s] gmake: *** [Makefile:146: all] Error 2
[8.544s] Invoked command in '/home/simpletime/Project/learn02_pcl_spin/build/cpp03_pcl_move' returned '2': CMAKE_PREFIX_PATH=${CMAKE_PREFIX_PATH}:/opt/ros/humble /usr/bin/cmake --build /home/simpletime/Project/learn02_pcl_spin/build/cpp03_pcl_move -- -j32 -l32
