[0.013s] Invoking command in '/home/simpletime/Project/ws02_tools/build/cpp01_tf_broadcaster': CMAKE_PREFIX_PATH=/opt/ros/humble /usr/bin/cmake --build /home/simpletime/Project/ws02_tools/build/cpp01_tf_broadcaster -- -j32 -l32
[0.041s] -- Found ament_cmake: 1.3.10 (/opt/ros/humble/share/ament_cmake/cmake)
[0.166s] -- Found rclcpp: 16.0.10 (/opt/ros/humble/share/rclcpp/cmake)
[0.307s] -- Found rosidl_generator_c: 3.1.5 (/opt/ros/humble/share/rosidl_generator_c/cmake)
[0.310s] -- Found rosidl_adapter: 3.1.5 (/opt/ros/humble/share/rosidl_adapter/cmake)
[0.318s] -- Found rosidl_generator_cpp: 3.1.5 (/opt/ros/humble/share/rosidl_generator_cpp/cmake)
[0.331s] -- Using all available rosidl_typesupport_c: rosidl_typesupport_fastrtps_c;rosidl_typesupport_introspection_c
[0.346s] -- Using all available rosidl_typesupport_cpp: rosidl_typesupport_fastrtps_cpp;rosidl_typesupport_introspection_cpp
[0.386s] -- Found rmw_implementation_cmake: 6.1.2 (/opt/ros/humble/share/rmw_implementation_cmake/cmake)
[0.389s] -- Found rmw_fastrtps_cpp: 6.2.7 (/opt/ros/humble/share/rmw_fastrtps_cpp/cmake)
[4.182s] -- Using RMW implementation 'rmw_fastrtps_cpp' as default
[4.244s] -- Found tf2: 0.25.8 (/opt/ros/humble/share/tf2/cmake)
[4.264s] -- Found tf2_ros: 0.25.8 (/opt/ros/humble/share/tf2_ros/cmake)
[4.357s] -- Found turtlesim: 1.4.2 (/opt/ros/humble/share/turtlesim/cmake)
[4.371s] -- Found sensor_msgs: 4.2.4 (/opt/ros/humble/share/sensor_msgs/cmake)
[4.398s] -- Eigen found (include: /usr/include/eigen3, version: 3.4.0)
[5.553s] -- FLANN found (include: /usr/include, lib: /usr/lib/x86_64-linux-gnu/libflann_cpp.so)
[8.497s] -- OpenNI found (version: 1.5.4.0, include: /usr/include/ni, lib: /usr/lib/libOpenNI.so;libusb::libusb)
[8.503s] -- OpenNI2 found (version: 2.2.0.33, include: /usr/include/openni2, lib: /usr/lib/x86_64-linux-gnu/libOpenNI2.so;libusb::libusb)
[8.503s] [0m** WARNING ** io features related to pcap will be disabled[0m
[10.054s] -- Eigen found (include: /usr/include/eigen3, version: 3.4.0)
[10.058s] -- OpenNI found (version: 1.5.4.0, include: /usr/include/ni, lib: /usr/lib/libOpenNI.so;libusb::libusb)
[10.064s] -- OpenNI2 found (version: 2.2.0.33, include: /usr/include/openni2, lib: /usr/lib/x86_64-linux-gnu/libOpenNI2.so;libusb::libusb)
[11.595s] -- Found Qhull version 8.0.2
[13.187s] -- OpenNI found (version: 1.5.4.0, include: /usr/include/ni, lib: /usr/lib/libOpenNI.so;libusb::libusb)
[14.697s] -- looking for PCL_COMMON
[14.698s] -- looking for PCL_KDTREE
[14.698s] -- looking for PCL_OCTREE
[14.698s] -- looking for PCL_SEARCH
[14.698s] -- looking for PCL_SAMPLE_CONSENSUS
[14.698s] -- looking for PCL_FILTERS
[14.699s] -- looking for PCL_2D
[14.699s] -- looking for PCL_GEOMETRY
[14.699s] -- looking for PCL_IO
[14.699s] -- looking for PCL_FEATURES
[14.700s] -- looking for PCL_ML
[14.700s] -- looking for PCL_SEGMENTATION
[14.700s] -- looking for PCL_VISUALIZATION
[14.700s] -- looking for PCL_SURFACE
[14.701s] -- looking for PCL_REGISTRATION
[14.701s] -- looking for PCL_KEYPOINTS
[14.701s] -- looking for PCL_TRACKING
[14.701s] -- looking for PCL_RECOGNITION
[14.702s] -- looking for PCL_STEREO
[14.702s] -- looking for PCL_APPS
[14.702s] -- looking for PCL_IN_HAND_SCANNER
[14.703s] -- looking for PCL_MODELER
[14.703s] -- looking for PCL_POINT_CLOUD_EDITOR
[14.703s] -- looking for PCL_OUTOFCORE
[14.703s] -- looking for PCL_PEOPLE
[14.706s] -- Found rviz2: 11.2.13 (/opt/ros/humble/share/rviz2/cmake)
[14.713s] -- Found ament_lint_auto: 0.12.11 (/opt/ros/humble/share/ament_lint_auto/cmake)
[14.778s] -- Added test 'cppcheck' to perform static code analysis on C / C++ code
[14.778s] -- Configured cppcheck include dirs: $<BUILD_INTERFACE:/home/simpletime/Project/ws02_tools/src/cpp01_tf_broadcaster/include>
[14.778s] -- Configured cppcheck exclude dirs and/or files: 
[14.779s] -- Added test 'lint_cmake' to check CMake code style
[14.781s] -- Added test 'uncrustify' to check C / C++ code style
[14.781s] -- Configured uncrustify additional arguments: 
[14.781s] -- Added test 'xmllint' to check XML markup files
[14.784s] -- Configuring done
[14.854s] -- Generating done
[14.857s] -- Build files have been written to: /home/simpletime/Project/ws02_tools/build/cpp01_tf_broadcaster
[14.890s] [35m[1mConsolidate compiler generated dependencies of target demo03_tf_listener[0m
[14.890s] [35m[1mConsolidate compiler generated dependencies of target demo01_static_tf_broadcaster[0m
[14.890s] [35m[1mConsolidate compiler generated dependencies of target demo00_run[0m
[14.890s] [35m[1mConsolidate compiler generated dependencies of target demo02_dynamic_tf_broadcaster[0m
[14.892s] [35m[1mConsolidate compiler generated dependencies of target demo00_run1[0m
[14.892s] [35m[1mConsolidate compiler generated dependencies of target demo04_pcl_reader[0m
[14.905s] [  8%] [32mBuilding CXX object CMakeFiles/demo00_run.dir/src/demo00_run.cpp.o[0m
[14.906s] [ 25%] [32mBuilding CXX object CMakeFiles/demo02_dynamic_tf_broadcaster.dir/src/demo02_dynamic_tf_broadcaster.cpp.o[0m
[14.906s] [ 25%] [32mBuilding CXX object CMakeFiles/demo01_static_tf_broadcaster.dir/src/demo01_static_tf_broadcaster.cpp.o[0m
[14.906s] [ 33%] [32mBuilding CXX object CMakeFiles/demo03_tf_listener.dir/src/demo03_tf_listener.cpp.o[0m
[14.907s] [ 41%] [32mBuilding CXX object CMakeFiles/demo00_run1.dir/src/demo00_run1.cpp.o[0m
[14.907s] [ 50%] [32mBuilding CXX object CMakeFiles/demo04_pcl_reader.dir/src/demo04_pcl_reader.cpp.o[0m
[15.153s] [01m[K/home/simpletime/Project/ws02_tools/src/cpp01_tf_broadcaster/src/demo04_pcl_reader.cpp:3:10:[m[K [01;31m[Kfatal error: [m[Ksensor_msgs/msg/point_cloud2.hpp: No such file or directory
[15.153s]     3 | #include [01;31m[K"sensor_msgs/msg/point_cloud2.hpp"[m[K
[15.153s]       |          [01;31m[K^~~~~~~~~~~~~~~~~~~~~~~~~~~~~~~~~~[m[K
[15.153s] compilation terminated.
[15.155s] gmake[2]: *** [CMakeFiles/demo04_pcl_reader.dir/build.make:76: CMakeFiles/demo04_pcl_reader.dir/src/demo04_pcl_reader.cpp.o] Error 1
[15.156s] gmake[1]: *** [CMakeFiles/Makefile2:277: CMakeFiles/demo04_pcl_reader.dir/all] Error 2
[15.156s] gmake[1]: *** Waiting for unfinished jobs....
[16.927s] [01m[K/home/simpletime/Project/ws02_tools/src/cpp01_tf_broadcaster/src/demo02_dynamic_tf_broadcaster.cpp:[m[K In member function â€˜[01m[Kvoid TFDynBroadcaster::do_pose(const TransformStamped&)[m[Kâ€™:
[16.927s] [01m[K/home/simpletime/Project/ws02_tools/src/cpp01_tf_broadcaster/src/demo02_dynamic_tf_broadcaster.cpp:17:61:[m[K [01;35m[Kwarning: [m[Kunused parameter â€˜[01m[Kcenter[m[Kâ€™ [[01;35m[K]8;;https://gcc.gnu.org/onlinedocs/gcc/Warning-Options.html#index-Wunused-parameter-Wunused-parameter]8;;[m[K]
[16.927s]    17 |   void do_pose([01;35m[Kconst geometry_msgs::msg::TransformStamped & center[m[K){
[16.927s]       |                [01;35m[K~~~~~~~~~~~~~~~~~~~~~~~~~~~~~~~~~~~~~~~~~~~~~^~~~~~[m[K
[17.012s] [01m[K/home/simpletime/Project/ws02_tools/src/cpp01_tf_broadcaster/src/demo03_tf_listener.cpp:[m[K In member function â€˜[01m[Kvoid TFListener::getTransform()[m[Kâ€™:
[17.013s] [01m[K/home/simpletime/Project/ws02_tools/src/cpp01_tf_broadcaster/src/demo03_tf_listener.cpp:27:16:[m[K [01;35m[Kwarning: [m[Kunused variable â€˜[01m[Ky[m[Kâ€™ [[01;35m[K]8;;https://gcc.gnu.org/onlinedocs/gcc/Warning-Options.html#index-Wunused-variable-Wunused-variable]8;;[m[K]
[17.013s]    27 |         double [01;35m[Ky[m[K,p,r;
[17.013s]       |                [01;35m[K^[m[K
[17.013s] [01m[K/home/simpletime/Project/ws02_tools/src/cpp01_tf_broadcaster/src/demo03_tf_listener.cpp:27:18:[m[K [01;35m[Kwarning: [m[Kunused variable â€˜[01m[Kp[m[Kâ€™ [[01;35m[K]8;;https://gcc.gnu.org/onlinedocs/gcc/Warning-Options.html#index-Wunused-variable-Wunused-variable]8;;[m[K]
[17.013s]    27 |         double y,[01;35m[Kp[m[K,r;
[17.013s]       |                  [01;35m[K^[m[K
[17.013s] [01m[K/home/simpletime/Project/ws02_tools/src/cpp01_tf_broadcaster/src/demo03_tf_listener.cpp:27:20:[m[K [01;35m[Kwarning: [m[Kunused variable â€˜[01m[Kr[m[Kâ€™ [[01;35m[K]8;;https://gcc.gnu.org/onlinedocs/gcc/Warning-Options.html#index-Wunused-variable-Wunused-variable]8;;[m[K]
[17.013s]    27 |         double y,p,[01;35m[Kr[m[K;
[17.013s]       |                    [01;35m[K^[m[K
[18.253s] [ 58%] [32m[1mLinking CXX executable demo01_static_tf_broadcaster[0m
[18.286s] [ 66%] [32m[1mLinking CXX executable demo00_run1[0m
[18.367s] [ 75%] [32m[1mLinking CXX executable demo00_run[0m
[18.552s] [ 75%] Built target demo01_static_tf_broadcaster
[18.557s] [ 75%] Built target demo00_run1
[18.584s] [ 75%] Built target demo00_run
[21.606s] [ 83%] [32m[1mLinking CXX executable demo02_dynamic_tf_broadcaster[0m
[21.702s] [ 91%] [32m[1mLinking CXX executable demo03_tf_listener[0m
[21.947s] [ 91%] Built target demo02_dynamic_tf_broadcaster
[22.046s] [ 91%] Built target demo03_tf_listener
[22.047s] gmake: *** [Makefile:146: all] Error 2
[22.050s] Invoked command in '/home/simpletime/Project/ws02_tools/build/cpp01_tf_broadcaster' returned '2': CMAKE_PREFIX_PATH=/opt/ros/humble /usr/bin/cmake --build /home/simpletime/Project/ws02_tools/build/cpp01_tf_broadcaster -- -j32 -l32
