[35m[1mConsolidate compiler generated dependencies of target demo03_tf_listener[0m
[ 40%] Built target demo00_run
[ 40%] Built target demo01_static_tf_broadcaster
[ 60%] Built target demo02_dynamic_tf_broadcaster
[ 80%] Built target demo00_run1
[ 90%] [32mBuilding CXX object CMakeFiles/demo03_tf_listener.dir/src/demo03_tf_listener.cpp.o[0m
In file included from [01m[K/opt/ros/humble/include/tf2/tf2/utils.h:20[m[K,
                 from [01m[K/home/simpletime/Project/ws02_tools/src/cpp01_tf_broadcaster/src/demo03_tf_listener.cpp:4[m[K:
/opt/ros/humble/include/tf2/tf2/impl/utils.h: In instantiation of â€˜[01m[Ktf2::Quaternion tf2::impl::toQuaternion(const T&) [with T = geometry_msgs::msg::Quaternion_<std::allocator<void> >*][m[Kâ€™:
[01m[K/opt/ros/humble/include/tf2/tf2/utils.h:35:41:[m[K   required from â€˜[01m[Kvoid tf2::getEulerYPR(const A&, double&, double&, double&) [with A = geometry_msgs::msg::Quaternion_<std::allocator<void> >*][m[Kâ€™
[01m[K/home/simpletime/Project/ws02_tools/src/cpp01_tf_broadcaster/src/demo03_tf_listener.cpp:28:25:[m[K   required from here
[01m[K/opt/ros/humble/include/tf2/tf2/impl/utils.h:88:34:[m[K [01;31m[Kerror: [m[Kconversion from â€˜[01m[Kgeometry_msgs::msg::QuaternionStamped_<std::allocator<void> >[m[Kâ€™ to non-scalar type â€˜[01m[Kgeometry_msgs::msg::Quaternion[m[Kâ€™ {aka â€˜[01m[Kgeometry_msgs::msg::Quaternion_<std::allocator<void> >[m[Kâ€™} requested
   88 |   geometry_msgs::msg::Quaternion [01;31m[Kq[m[K = toMsg<T, geometry_msgs::msg::QuaternionStamped>(t);
      |                                  [01;31m[K^[m[K
gmake[2]: *** [CMakeFiles/demo03_tf_listener.dir/build.make:76: CMakeFiles/demo03_tf_listener.dir/src/demo03_tf_listener.cpp.o] Error 1
gmake[1]: *** [CMakeFiles/Makefile2:249: CMakeFiles/demo03_tf_listener.dir/all] Error 2
gmake: *** [Makefile:146: all] Error 2
