[35m[1mConsolidate compiler generated dependencies of target demo01_pcl_spin[0m
[ 50%] [32mBuilding CXX object CMakeFiles/demo01_pcl_spin.dir/src/demo01_pcl_spin.cpp.o[0m
[100%] [32m[1mLinking CXX executable demo01_pcl_spin[0m
/usr/bin/ld: CMakeFiles/demo01_pcl_spin.dir/src/demo01_pcl_spin.cpp.o: in function `PointCouldPublisher::getCloudcb(std::shared_ptr<sensor_msgs::msg::PointCloud2_<std::allocator<void> > >)':
demo01_pcl_spin.cpp:(.text._ZN19PointCouldPublisher10getCloudcbESt10shared_ptrIN11sensor_msgs3msg12PointCloud2_ISaIvEEEE[_ZN19PointCouldPublisher10getCloudcbESt10shared_ptrIN11sensor_msgs3msg12PointCloud2_ISaIvEEEE]+0x6fd): undefined reference to `void tf2::doTransform<std::shared_ptr<pcl::PointCloud<pcl::PointXYZ> > >(std::shared_ptr<pcl::PointCloud<pcl::PointXYZ> > const&, std::shared_ptr<pcl::PointCloud<pcl::PointXYZ> >&, geometry_msgs::msg::TransformStamped_<std::allocator<void> > const&)'
collect2: error: ld returned 1 exit status
gmake[2]: *** [CMakeFiles/demo01_pcl_spin.dir/build.make:326: demo01_pcl_spin] Error 1
gmake[1]: *** [CMakeFiles/Makefile2:137: CMakeFiles/demo01_pcl_spin.dir/all] Error 2
gmake: *** [Makefile:146: all] Error 2
