[0.022s] Invoking command in '/home/simpletime/ws01_plumbing/build/cpp03_action': AMENT_PREFIX_PATH=/home/simpletime/ws01_plumbing/install/base_interfaces_demo:${AMENT_PREFIX_PATH} CMAKE_PREFIX_PATH=/home/simpletime/ws01_plumbing/install/base_interfaces_demo:/opt/ros/humble LD_LIBRARY_PATH=/home/simpletime/ws01_plumbing/install/base_interfaces_demo/lib:${LD_LIBRARY_PATH} PYTHONPATH=/home/simpletime/ws01_plumbing/install/base_interfaces_demo/local/lib/python3.10/dist-packages:${PYTHONPATH} /usr/bin/cmake --build /home/simpletime/ws01_plumbing/build/cpp03_action -- -j4 -l4
[0.092s] [35m[1mConsolidate compiler generated dependencies of target demo01_action_server[0m
[0.117s] [35m[1mConsolidate compiler generated dependencies of target demo02_action_client[0m
[0.140s] [ 25%] [32mBuilding CXX object CMakeFiles/demo01_action_server.dir/src/demo01_action_server.cpp.o[0m
[0.159s] [ 75%] Built target demo02_action_client
[2.577s] In file included from [01m[K/usr/include/c++/11/pstl/glue_algorithm_defs.h:13[m[K,
[2.577s]                  from [01m[K/usr/include/c++/11/algorithm:74[m[K,
[2.577s]                  from [01m[K/opt/ros/humble/include/rclcpp/rclcpp/executor.hpp:18[m[K,
[2.577s]                  from [01m[K/opt/ros/humble/include/rclcpp/rclcpp/executors/multi_threaded_executor.hpp:25[m[K,
[2.577s]                  from [01m[K/opt/ros/humble/include/rclcpp/rclcpp/executors.hpp:21[m[K,
[2.577s]                  from [01m[K/opt/ros/humble/include/rclcpp/rclcpp/rclcpp.hpp:155[m[K,
[2.577s]                  from [01m[K/home/simpletime/ws01_plumbing/src/cpp03_action/src/demo01_action_server.cpp:1[m[K:
[2.577s] /usr/include/c++/11/functional: In instantiation of â€˜[01m[Kstruct std::_Bind_check_arity<rclcpp_action::GoalResponse (ProgressActionServer::*)(const std::array<unsigned char, 16>&, std::shared_ptr<const base_interfaces_demo::action::Progress_Goal_<std::allocator<void> > >), ProgressActionServer*>[m[Kâ€™:
[2.577s] [01m[K/usr/include/c++/11/functional:768:12:[m[K   required from â€˜[01m[Kstruct std::_Bind_helper<false, rclcpp_action::GoalResponse (ProgressActionServer::*)(const std::array<unsigned char, 16>&, std::shared_ptr<const base_interfaces_demo::action::Progress_Goal_<std::allocator<void> > >), ProgressActionServer*>[m[Kâ€™
[2.577s] [01m[K/usr/include/c++/11/functional:789:5:[m[K   required by substitution of â€˜[01m[Ktemplate<class _Func, class ... _BoundArgs> typename std::_Bind_helper<std::__is_socketlike<_Func>::value, _Func, _BoundArgs ...>::type std::bind(_Func&&, _BoundArgs&& ...) [with _Func = rclcpp_action::GoalResponse (ProgressActionServer::*)(const std::array<unsigned char, 16>&, std::shared_ptr<const base_interfaces_demo::action::Progress_Goal_<std::allocator<void> > >); _BoundArgs = {ProgressActionServer*}][m[Kâ€™
[2.577s] [01m[K/home/simpletime/ws01_plumbing/src/cpp03_action/src/demo01_action_server.cpp:13:16:[m[K   required from here
[2.577s] [01m[K/usr/include/c++/11/functional:756:21:[m[K [01;31m[Kerror: [m[Kstatic assertion failed: Wrong number of arguments for pointer-to-member
[2.578s]   755 |       static_assert(_Varargs::[01;31m[Kvalue[m[K
[2.578s]       |                               [01;31m[K~~~~~[m[K
[2.578s]   756 | [01;31m[K                    ? sizeof...(_BoundArgs) >= _Arity::value + 1[m[K
[2.578s]       |                     [01;31m[K^~~~~~~~~~~~~~~~~~~~~~~~~~~~~~~~~~~~~~~~~~~~[m[K
[2.578s]   757 | [01;31m[K                    : sizeof...(_BoundArgs) == _Arity::value + 1[m[K,
[2.578s]       |                     [01;31m[K~~~~~~~~~~~~~~~~~~~~~~~~~~~~~~~~~~~~~~~~~~~~[m[K
[2.578s] [01m[K/usr/include/c++/11/functional:756:21:[m[K [01;36m[Knote: [m[Kâ€˜[01m[K(false ? (1 >= (((long unsigned int)std::integral_constant<long unsigned int, 2>::value) + 1)) : (1 == (((long unsigned int)std::integral_constant<long unsigned int, 2>::value) + 1)))[m[Kâ€™ evaluates to false
[2.580s] /usr/include/c++/11/functional: In instantiation of â€˜[01m[Kstruct std::_Bind_check_arity<rclcpp_action::CancelResponse (ProgressActionServer::*)(std::shared_ptr<rclcpp_action::ServerGoalHandle<base_interfaces_demo::action::Progress> >), ProgressActionServer*>[m[Kâ€™:
[2.580s] [01m[K/usr/include/c++/11/functional:768:12:[m[K   required from â€˜[01m[Kstruct std::_Bind_helper<false, rclcpp_action::CancelResponse (ProgressActionServer::*)(std::shared_ptr<rclcpp_action::ServerGoalHandle<base_interfaces_demo::action::Progress> >), ProgressActionServer*>[m[Kâ€™
[2.580s] [01m[K/usr/include/c++/11/functional:789:5:[m[K   required by substitution of â€˜[01m[Ktemplate<class _Func, class ... _BoundArgs> typename std::_Bind_helper<std::__is_socketlike<_Func>::value, _Func, _BoundArgs ...>::type std::bind(_Func&&, _BoundArgs&& ...) [with _Func = rclcpp_action::CancelResponse (ProgressActionServer::*)(std::shared_ptr<rclcpp_action::ServerGoalHandle<base_interfaces_demo::action::Progress> >); _BoundArgs = {ProgressActionServer*}][m[Kâ€™
[2.580s] [01m[K/home/simpletime/ws01_plumbing/src/cpp03_action/src/demo01_action_server.cpp:14:16:[m[K   required from here
[2.580s] [01m[K/usr/include/c++/11/functional:756:21:[m[K [01;31m[Kerror: [m[Kstatic assertion failed: Wrong number of arguments for pointer-to-member
[2.580s] [01m[K/usr/include/c++/11/functional:756:21:[m[K [01;36m[Knote: [m[Kâ€˜[01m[K(false ? (1 >= (((long unsigned int)std::integral_constant<long unsigned int, 1>::value) + 1)) : (1 == (((long unsigned int)std::integral_constant<long unsigned int, 1>::value) + 1)))[m[Kâ€™ evaluates to false
[2.581s] /usr/include/c++/11/functional: In instantiation of â€˜[01m[Kstruct std::_Bind_check_arity<void (ProgressActionServer::*)(std::shared_ptr<rclcpp_action::ServerGoalHandle<base_interfaces_demo::action::Progress> >), ProgressActionServer*>[m[Kâ€™:
[2.581s] [01m[K/usr/include/c++/11/functional:768:12:[m[K   required from â€˜[01m[Kstruct std::_Bind_helper<false, void (ProgressActionServer::*)(std::shared_ptr<rclcpp_action::ServerGoalHandle<base_interfaces_demo::action::Progress> >), ProgressActionServer*>[m[Kâ€™
[2.581s] [01m[K/usr/include/c++/11/functional:789:5:[m[K   required by substitution of â€˜[01m[Ktemplate<class _Func, class ... _BoundArgs> typename std::_Bind_helper<std::__is_socketlike<_Func>::value, _Func, _BoundArgs ...>::type std::bind(_Func&&, _BoundArgs&& ...) [with _Func = void (ProgressActionServer::*)(std::shared_ptr<rclcpp_action::ServerGoalHandle<base_interfaces_demo::action::Progress> >); _BoundArgs = {ProgressActionServer*}][m[Kâ€™
[2.581s] [01m[K/home/simpletime/ws01_plumbing/src/cpp03_action/src/demo01_action_server.cpp:15:16:[m[K   required from here
[2.581s] [01m[K/usr/include/c++/11/functional:756:21:[m[K [01;31m[Kerror: [m[Kstatic assertion failed: Wrong number of arguments for pointer-to-member
[2.581s] [01m[K/usr/include/c++/11/functional:756:21:[m[K [01;36m[Knote: [m[Kâ€˜[01m[K(false ? (1 >= (((long unsigned int)std::integral_constant<long unsigned int, 1>::value) + 1)) : (1 == (((long unsigned int)std::integral_constant<long unsigned int, 1>::value) + 1)))[m[Kâ€™ evaluates to false
[2.582s] [01m[K/home/simpletime/ws01_plumbing/src/cpp03_action/src/demo01_action_server.cpp:[m[K In constructor â€˜[01m[KProgressActionServer::ProgressActionServer()[m[Kâ€™:
[2.582s] [01m[K/home/simpletime/ws01_plumbing/src/cpp03_action/src/demo01_action_server.cpp:16:7:[m[K [01;31m[Kerror: [m[Kexpected primary-expression before â€˜[01m[K)[m[Kâ€™ token
[2.582s]    16 |       [01;31m[K)[m[K;
[2.582s]       |       [01;31m[K^[m[K
[2.586s] [01m[K/home/simpletime/ws01_plumbing/src/cpp03_action/src/demo01_action_server.cpp:[m[K In member function â€˜[01m[Krclcpp_action::GoalResponse ProgressActionServer::handle_goal(const GoalUUID&, std::shared_ptr<const base_interfaces_demo::action::Progress_Goal_<std::allocator<void> > >)[m[Kâ€™:
[2.586s] [01m[K/home/simpletime/ws01_plumbing/src/cpp03_action/src/demo01_action_server.cpp:27:75:[m[K [01;35m[Kwarning: [m[Kunused parameter â€˜[01m[Kuuid[m[Kâ€™ [[01;35m[K]8;;https://gcc.gnu.org/onlinedocs/gcc/Warning-Options.html#index-Wunused-parameter-Wunused-parameter]8;;[m[K]
[2.586s]    27 |   rclcpp_action::GoalResponse handle_goal([01;35m[Kconst rclcpp_action::GoalUUID & uuid[m[K, std::shared_ptr<const Progress::Goal>){
[2.586s]       |                                           [01;35m[K~~~~~~~~~~~~~~~~~~~~~~~~~~~~~~~~^~~~[m[K
[2.587s] [01m[K/home/simpletime/ws01_plumbing/src/cpp03_action/src/demo01_action_server.cpp:[m[K In member function â€˜[01m[Krclcpp_action::CancelResponse ProgressActionServer::handle_cancel(std::shared_ptr<rclcpp_action::ServerGoalHandle<base_interfaces_demo::action::Progress> >)[m[Kâ€™:
[2.587s] [01m[K/home/simpletime/ws01_plumbing/src/cpp03_action/src/demo01_action_server.cpp:35:106:[m[K [01;35m[Kwarning: [m[Kunused parameter â€˜[01m[Kgoal_handle[m[Kâ€™ [[01;35m[K]8;;https://gcc.gnu.org/onlinedocs/gcc/Warning-Options.html#index-Wunused-parameter-Wunused-parameter]8;;[m[K]
[2.587s]    35 |   rclcpp_action::CancelResponse handle_cancel([01;35m[Kstd::shared_ptr<rclcpp_action::ServerGoalHandle<Progress>> goal_handle[m[K){
[2.587s]       |                                               [01;35m[K~~~~~~~~~~~~~~~~~~~~~~~~~~~~~~~~~~~~~~~~~~~~~~~~~~~~~~~~~~~^~~~~~~~~~~[m[K
[2.587s] [01m[K/home/simpletime/ws01_plumbing/src/cpp03_action/src/demo01_action_server.cpp:[m[K In member function â€˜[01m[Kvoid ProgressActionServer::handle_accepted(std::shared_ptr<rclcpp_action::ServerGoalHandle<base_interfaces_demo::action::Progress> >)[m[Kâ€™:
[2.587s] [01m[K/home/simpletime/ws01_plumbing/src/cpp03_action/src/demo01_action_server.cpp:44:83:[m[K [01;35m[Kwarning: [m[Kunused parameter â€˜[01m[Kgoal_handle[m[Kâ€™ [[01;35m[K]8;;https://gcc.gnu.org/onlinedocs/gcc/Warning-Options.html#index-Wunused-parameter-Wunused-parameter]8;;[m[K]
[2.587s]    44 |   void handle_accepted([01;35m[Kstd::shared_ptr<rclcpp_action::ServerGoalHandle<Progress>> goal_handle[m[K){
[2.587s]       |                        [01;35m[K~~~~~~~~~~~~~~~~~~~~~~~~~~~~~~~~~~~~~~~~~~~~~~~~~~~~~~~~~~~^~~~~~~~~~~[m[K
[2.868s] gmake[2]: *** [CMakeFiles/demo01_action_server.dir/build.make:76ï¼šCMakeFiles/demo01_action_server.dir/src/demo01_action_server.cpp.o] é”™è¯¯ 1
[2.869s] gmake[1]: *** [CMakeFiles/Makefile2:139ï¼šCMakeFiles/demo01_action_server.dir/all] é”™è¯¯ 2
[2.869s] gmake: *** [Makefile:146ï¼šall] é”™è¯¯ 2
[2.872s] Invoked command in '/home/simpletime/ws01_plumbing/build/cpp03_action' returned '2': AMENT_PREFIX_PATH=/home/simpletime/ws01_plumbing/install/base_interfaces_demo:${AMENT_PREFIX_PATH} CMAKE_PREFIX_PATH=/home/simpletime/ws01_plumbing/install/base_interfaces_demo:/opt/ros/humble LD_LIBRARY_PATH=/home/simpletime/ws01_plumbing/install/base_interfaces_demo/lib:${LD_LIBRARY_PATH} PYTHONPATH=/home/simpletime/ws01_plumbing/install/base_interfaces_demo/local/lib/python3.10/dist-packages:${PYTHONPATH} /usr/bin/cmake --build /home/simpletime/ws01_plumbing/build/cpp03_action -- -j4 -l4
