[0.012s] Invoking command in '/home/simpletime/Project/learn02_pcl_spin/build/cpp01_pcl_spin': CMAKE_PREFIX_PATH=${CMAKE_PREFIX_PATH}:/opt/ros/humble /usr/bin/cmake --build /home/simpletime/Project/learn02_pcl_spin/build/cpp01_pcl_spin -- -j32 -l32
[0.070s] [ 50%] [32mBuilding CXX object CMakeFiles/demo01_pcl_spin.dir/src/demo01_pcl_spin.cpp.o[0m
[1.463s] [01m[K/home/simpletime/Project/learn02_pcl_spin/src/cpp01_pcl_spin/src/demo01_pcl_spin.cpp:8:10:[m[K [01;31m[Kfatal error: [m[Kbuffer.h: No such file or directory
[1.464s]     8 | #include [01;31m[K<buffer.h>[m[K
[1.464s]       |          [01;31m[K^~~~~~~~~~[m[K
[1.464s] compilation terminated.
[1.478s] gmake[2]: *** [CMakeFiles/demo01_pcl_spin.dir/build.make:76: CMakeFiles/demo01_pcl_spin.dir/src/demo01_pcl_spin.cpp.o] Error 1
[1.478s] gmake[1]: *** [CMakeFiles/Makefile2:137: CMakeFiles/demo01_pcl_spin.dir/all] Error 2
[1.479s] gmake: *** [Makefile:146: all] Error 2
[1.482s] Invoked command in '/home/simpletime/Project/learn02_pcl_spin/build/cpp01_pcl_spin' returned '2': CMAKE_PREFIX_PATH=${CMAKE_PREFIX_PATH}:/opt/ros/humble /usr/bin/cmake --build /home/simpletime/Project/learn02_pcl_spin/build/cpp01_pcl_spin -- -j32 -l32
