[0.010s] Invoking command in '/home/simpletime/Project/ws02_tools/build/cpp01_tf_broadcaster': CMAKE_PREFIX_PATH=/opt/ros/humble /usr/bin/cmake --build /home/simpletime/Project/ws02_tools/build/cpp01_tf_broadcaster -- -j32 -l32
[0.044s] [35m[1mConsolidate compiler generated dependencies of target demo03_tf_listener[0m
[0.056s] [ 70%] Built target demo00_run
[0.056s] [ 70%] Built target demo01_static_tf_broadcaster
[0.056s] [ 70%] Built target demo00_run1
[0.056s] [ 80%] Built target demo02_dynamic_tf_broadcaster
[0.057s] [ 90%] [32m[1mLinking CXX executable demo03_tf_listener[0m
[0.328s] /usr/bin/ld: CMakeFiles/demo03_tf_listener.dir/src/demo03_tf_listener.cpp.o: in function `tf2::impl::toQuaternion(geometry_msgs::msg::Quaternion_<std::allocator<void> > const&)':
[0.328s] demo03_tf_listener.cpp:(.text._ZN3tf24impl12toQuaternionERKN13geometry_msgs3msg11Quaternion_ISaIvEEE[_ZN3tf24impl12toQuaternionERKN13geometry_msgs3msg11Quaternion_ISaIvEEE]+0x2f): undefined reference to `tf2::fromMsg(geometry_msgs::msg::Quaternion_<std::allocator<void> > const&, tf2::Quaternion&)'
[0.362s] collect2: error: ld returned 1 exit status
[0.364s] gmake[2]: *** [CMakeFiles/demo03_tf_listener.dir/build.make:205: demo03_tf_listener] Error 1
[0.364s] gmake[1]: *** [CMakeFiles/Makefile2:249: CMakeFiles/demo03_tf_listener.dir/all] Error 2
[0.364s] gmake: *** [Makefile:146: all] Error 2
[0.366s] Invoked command in '/home/simpletime/Project/ws02_tools/build/cpp01_tf_broadcaster' returned '2': CMAKE_PREFIX_PATH=/opt/ros/humble /usr/bin/cmake --build /home/simpletime/Project/ws02_tools/build/cpp01_tf_broadcaster -- -j32 -l32
