[0.009s] Invoking command in '/home/simpletime/exam/build/cpp_topic': CMAKE_PREFIX_PATH=/home/simpletime/exam/install/base_interface:/home/simpletime/exam/install/cpp_topic:/opt/ros/humble /usr/bin/cmake --build /home/simpletime/exam/build/cpp_topic -- -j4 -l4
[0.034s] -- Found ament_cmake: 1.3.10 (/opt/ros/humble/share/ament_cmake/cmake)
[0.141s] -- Found rclcpp: 16.0.10 (/opt/ros/humble/share/rclcpp/cmake)
[0.164s] -- Found rosidl_generator_c: 3.1.5 (/opt/ros/humble/share/rosidl_generator_c/cmake)
[0.166s] -- Found rosidl_adapter: 3.1.5 (/opt/ros/humble/share/rosidl_adapter/cmake)
[0.170s] -- Found rosidl_generator_cpp: 3.1.5 (/opt/ros/humble/share/rosidl_generator_cpp/cmake)
[0.178s] -- Using all available rosidl_typesupport_c: rosidl_typesupport_fastrtps_c;rosidl_typesupport_introspection_c
[0.187s] -- Using all available rosidl_typesupport_cpp: rosidl_typesupport_fastrtps_cpp;rosidl_typesupport_introspection_cpp
[0.211s] -- Found rmw_implementation_cmake: 6.1.2 (/opt/ros/humble/share/rmw_implementation_cmake/cmake)
[0.212s] -- Found rmw_fastrtps_cpp: 6.2.7 (/opt/ros/humble/share/rmw_fastrtps_cpp/cmake)
[0.288s] -- Using RMW implementation 'rmw_fastrtps_cpp' as default
[0.318s] -- Found base_interface: 0.0.0 (/home/simpletime/exam/install/base_interface/share/base_interface/cmake)
[0.325s] -- Found ament_lint_auto: 0.12.11 (/opt/ros/humble/share/ament_lint_auto/cmake)
[0.374s] -- Added test 'cppcheck' to perform static code analysis on C / C++ code
[0.374s] -- Configured cppcheck include dirs: $<BUILD_INTERFACE:/home/simpletime/exam/src/cpp_topic/include>
[0.374s] -- Configured cppcheck exclude dirs and/or files: 
[0.374s] -- Added test 'lint_cmake' to check CMake code style
[0.375s] -- Added test 'uncrustify' to check C / C++ code style
[0.375s] -- Configured uncrustify additional arguments: 
[0.375s] -- Added test 'xmllint' to check XML markup files
[0.376s] -- Configuring done
[0.387s] -- Generating done
[0.389s] -- Build files have been written to: /home/simpletime/exam/build/cpp_topic
[0.413s] [35m[1mConsolidate compiler generated dependencies of target talker[0m
[0.420s] [ 25%] [32mBuilding CXX object CMakeFiles/listener.dir/src/listener.cpp.o[0m
[0.427s] [ 75%] Built target talker
[0.437s] [100%] [32m[1mLinking CXX executable listener[0m
[0.482s] /usr/bin/ld: /usr/lib/gcc/x86_64-linux-gnu/11/../../../x86_64-linux-gnu/Scrt1.o: in function `_start':
[0.482s] (.text+0x1b): undefined reference to `main'
[0.484s] collect2: error: ld returned 1 exit status
[0.486s] gmake[2]: *** [CMakeFiles/listener.dir/build.make:167ï¼šlistener] é”™è¯¯ 1
[0.486s] gmake[1]: *** [CMakeFiles/Makefile2:165ï¼šCMakeFiles/listener.dir/all] é”™è¯¯ 2
[0.487s] gmake: *** [Makefile:146ï¼šall] é”™è¯¯ 2
[0.488s] Invoked command in '/home/simpletime/exam/build/cpp_topic' returned '2': CMAKE_PREFIX_PATH=/home/simpletime/exam/install/base_interface:/home/simpletime/exam/install/cpp_topic:/opt/ros/humble /usr/bin/cmake --build /home/simpletime/exam/build/cpp_topic -- -j4 -l4
