[35m[1mConsolidate compiler generated dependencies of target demo01_talker_str[0m
[ 50%] [32mBuilding CXX object CMakeFiles/demo01_talker_str.dir/src/demo01_talker_str.cpp.o[0m
[01m[K/home/simpletime/ws01_plumbing/src/cpp01_topic/src/demo01_talker_str.cpp:27:23:[m[K [01;31m[Kerror: [m[Kâ€˜[01m[Kstd_msgs[m[Kâ€™ was not declared in this scope
   27 |     rclcpp::Publisher<[01;31m[Kstd_msgs[m[K::msg::String>::SharedPtr publisher_;
      |                       [01;31m[K^~~~~~~~[m[K
[01m[K/home/simpletime/ws01_plumbing/src/cpp01_topic/src/demo01_talker_str.cpp:27:44:[m[K [01;31m[Kerror: [m[Ktemplate argument 1 is invalid
   27 |     rclcpp::Publisher<std_msgs::msg::String[01;31m[K>[m[K::SharedPtr publisher_;
      |                                            [01;31m[K^[m[K
[01m[K/home/simpletime/ws01_plumbing/src/cpp01_topic/src/demo01_talker_str.cpp:27:47:[m[K [01;31m[Kerror: [m[Kexpected â€˜[01m[K;[m[Kâ€™ at end of member declaration
   27 |     rclcpp::Publisher<std_msgs::msg::String>::[01;31m[KSharedPtr[m[K publisher_;
      |                                               [01;31m[K^~~~~~~~~[m[K
      |                                                        [32m[K;[m[K
[01m[K/home/simpletime/ws01_plumbing/src/cpp01_topic/src/demo01_talker_str.cpp:27:57:[m[K [01;31m[Kerror: [m[Kâ€˜[01m[Kpublisher_[m[Kâ€™ does not name a type; did you mean â€˜[01m[Krmw_publisher_t[m[Kâ€™?
   27 |     rclcpp::Publisher<std_msgs::msg::String>::SharedPtr [01;31m[Kpublisher_[m[K;
      |                                                         [01;31m[K^~~~~~~~~~[m[K
      |                                                         [32m[Krmw_publisher_t[m[K
[01m[K/home/simpletime/ws01_plumbing/src/cpp01_topic/src/demo01_talker_str.cpp:[m[K In constructor â€˜[01m[KTalker::Talker()[m[Kâ€™:
[01m[K/home/simpletime/ws01_plumbing/src/cpp01_topic/src/demo01_talker_str.cpp:16:9:[m[K [01;31m[Kerror: [m[Kâ€˜[01m[Kpublisher_[m[Kâ€™ was not declared in this scope; did you mean â€˜[01m[Krmw_publisher_t[m[Kâ€™?
   16 |         [01;31m[Kpublisher_[m[K = this->create_publisher<std_msgs::msg::String>("chatter",10);
      |         [01;31m[K^~~~~~~~~~[m[K
      |         [32m[Krmw_publisher_t[m[K
[01m[K/home/simpletime/ws01_plumbing/src/cpp01_topic/src/demo01_talker_str.cpp:16:45:[m[K [01;31m[Kerror: [m[Kâ€˜[01m[Kstd_msgs[m[Kâ€™ was not declared in this scope
   16 |         publisher_ = this->create_publisher<[01;31m[Kstd_msgs[m[K::msg::String>("chatter",10);
      |                                             [01;31m[K^~~~~~~~[m[K
[01m[K/home/simpletime/ws01_plumbing/src/cpp01_topic/src/demo01_talker_str.cpp:16:28:[m[K [01;31m[Kerror: [m[Kparse error in template argument list
   16 |         publisher_ = this->[01;31m[Kcreate_publisher<std_msgs::msg::String>[m[K("chatter",10);
      |                            [01;31m[K^~~~~~~~~~~~~~~~~~~~~~~~~~~~~~~~~~~~~~~[m[K
[01m[K/home/simpletime/ws01_plumbing/src/cpp01_topic/src/demo01_talker_str.cpp:16:67:[m[K [01;31m[Kerror: [m[Kno matching function for call to â€˜[01m[KTalker::create_publisher<<expression error> >(const char [8], int)[m[Kâ€™
   16 |         publisher_ = [01;31m[Kthis->create_publisher<std_msgs::msg::String>("chatter",10)[m[K;
      |                      [01;31m[K~~~~~~~~~~~~~~~~~~~~~~~~~~~~~~~~~~~~~~~~~~~~~^~~~~~~~~~~~~~[m[K
In file included from [01m[K/opt/ros/humble/include/rclcpp/rclcpp/executors/single_threaded_executor.hpp:28[m[K,
                 from [01m[K/opt/ros/humble/include/rclcpp/rclcpp/executors.hpp:22[m[K,
                 from [01m[K/opt/ros/humble/include/rclcpp/rclcpp/rclcpp.hpp:155[m[K,
                 from [01m[K/home/simpletime/ws01_plumbing/src/cpp01_topic/src/demo01_talker_str.cpp:7[m[K:
[01m[K/opt/ros/humble/include/rclcpp/rclcpp/node.hpp:195:3:[m[K [01;36m[Knote: [m[Kcandidate: â€˜[01m[Ktemplate<class MessageT, class AllocatorT, class PublisherT> std::shared_ptr<PublisherT> rclcpp::Node::create_publisher(const string&, const rclcpp::QoS&, const rclcpp::PublisherOptionsWithAllocator<AllocatorT>&)[m[Kâ€™
  195 |   [01;36m[Kcreate_publisher[m[K(
      |   [01;36m[K^~~~~~~~~~~~~~~~[m[K
[01m[K/opt/ros/humble/include/rclcpp/rclcpp/node.hpp:195:3:[m[K [01;36m[Knote: [m[K  template argument deduction/substitution failed:
[01m[K/home/simpletime/ws01_plumbing/src/cpp01_topic/src/demo01_talker_str.cpp:16:67:[m[K [01;31m[Kerror: [m[Ktemplate argument 1 is invalid
   16 |         publisher_ = [01;31m[Kthis->create_publisher<std_msgs::msg::String>("chatter",10)[m[K;
      |                      [01;31m[K~~~~~~~~~~~~~~~~~~~~~~~~~~~~~~~~~~~~~~~~~~~~~^~~~~~~~~~~~~~[m[K
[01m[K/home/simpletime/ws01_plumbing/src/cpp01_topic/src/demo01_talker_str.cpp:[m[K In member function â€˜[01m[Kvoid Talker::on_timer()[m[Kâ€™:
[01m[K/home/simpletime/ws01_plumbing/src/cpp01_topic/src/demo01_talker_str.cpp:22:24:[m[K [01;31m[Kerror: [m[Kâ€˜[01m[Kstd_msgs[m[Kâ€™ has not been declared
   22 |         auto message = [01;31m[Kstd_msgs[m[K::msg::String();
      |                        [01;31m[K^~~~~~~~[m[K
[01m[K/home/simpletime/ws01_plumbing/src/cpp01_topic/src/demo01_talker_str.cpp:25:9:[m[K [01;31m[Kerror: [m[Kâ€˜[01m[Kpublisher_[m[Kâ€™ was not declared in this scope; did you mean â€˜[01m[Krmw_publisher_t[m[Kâ€™?
   25 |         [01;31m[Kpublisher_[m[K->publish(message);
      |         [01;31m[K^~~~~~~~~~[m[K
      |         [32m[Krmw_publisher_t[m[K
gmake[2]: *** [CMakeFiles/demo01_talker_str.dir/build.make:76ï¼šCMakeFiles/demo01_talker_str.dir/src/demo01_talker_str.cpp.o] é”™è¯¯ 1
gmake[1]: *** [CMakeFiles/Makefile2:137ï¼šCMakeFiles/demo01_talker_str.dir/all] é”™è¯¯ 2
gmake: *** [Makefile:146ï¼šall] é”™è¯¯ 2
