[0.012s] Invoking command in '/home/simpletime/Project/ws02_tools/build/cpp01_tf_broadcaster': CMAKE_PREFIX_PATH=/opt/ros/humble /usr/bin/cmake --build /home/simpletime/Project/ws02_tools/build/cpp01_tf_broadcaster -- -j32 -l32
[0.046s] [35m[1mConsolidate compiler generated dependencies of target demo00_run[0m
[0.047s] [35m[1mConsolidate compiler generated dependencies of target demo02_dynamic_tf_broadcaster[0m
[0.047s] [35m[1mConsolidate compiler generated dependencies of target demo01_static_tf_broadcaster[0m
[0.047s] [35m[1mConsolidate compiler generated dependencies of target demo03_tf_listener[0m
[0.047s] [35m[1mConsolidate compiler generated dependencies of target demo00_run1[0m
[0.059s] [  8%] [32mBuilding CXX object CMakeFiles/demo04_pcl_reader.dir/src/demo04_pcl_reader.cpp.o[0m
[0.064s] [ 33%] Built target demo00_run
[0.064s] [ 41%] Built target demo02_dynamic_tf_broadcaster
[0.064s] [ 66%] Built target demo00_run1
[0.064s] [ 75%] Built target demo03_tf_listener
[0.065s] [ 91%] Built target demo01_static_tf_broadcaster
[0.262s] [01m[K/home/simpletime/Project/ws02_tools/src/cpp01_tf_broadcaster/src/demo04_pcl_reader.cpp:3:10:[m[K [01;31m[Kfatal error: [m[Ksensor_msgs/msg/point_cloud2.hpp: No such file or directory
[0.262s]     3 | #include [01;31m[K"sensor_msgs/msg/point_cloud2.hpp"[m[K
[0.262s]       |          [01;31m[K^~~~~~~~~~~~~~~~~~~~~~~~~~~~~~~~~~[m[K
[0.262s] compilation terminated.
[0.265s] gmake[2]: *** [CMakeFiles/demo04_pcl_reader.dir/build.make:76: CMakeFiles/demo04_pcl_reader.dir/src/demo04_pcl_reader.cpp.o] Error 1
[0.265s] gmake[1]: *** [CMakeFiles/Makefile2:277: CMakeFiles/demo04_pcl_reader.dir/all] Error 2
[0.266s] gmake: *** [Makefile:146: all] Error 2
[0.269s] Invoked command in '/home/simpletime/Project/ws02_tools/build/cpp01_tf_broadcaster' returned '2': CMAKE_PREFIX_PATH=/opt/ros/humble /usr/bin/cmake --build /home/simpletime/Project/ws02_tools/build/cpp01_tf_broadcaster -- -j32 -l32
