[0.012s] Invoking command in '/home/simpletime/Project/learn02_pcl_spin/build/cpp01_pcl_spin': CMAKE_PREFIX_PATH=${CMAKE_PREFIX_PATH}:/opt/ros/humble /usr/bin/cmake --build /home/simpletime/Project/learn02_pcl_spin/build/cpp01_pcl_spin -- -j32 -l32
[0.050s] [35m[1mConsolidate compiler generated dependencies of target demo01_tf_spin[0m
[0.067s] [ 25%] [32mBuilding CXX object CMakeFiles/demo01_pcl_spin.dir/src/demo01_pcl_spin.cpp.o[0m
[0.078s] [ 50%] [32m[1mLinking CXX executable demo01_tf_spin[0m
[0.798s] /usr/bin/ld: CMakeFiles/demo01_tf_spin.dir/src/demo01_tf_spin.cpp.o: in function `PointCouldPublisher::pub()':
[0.798s] demo01_tf_spin.cpp:(.text._ZN19PointCouldPublisher3pubEv[_ZN19PointCouldPublisher3pubEv]+0x3ec): undefined reference to `void tf2::doTransform<sensor_msgs::msg::PointCloud2_<std::allocator<void> > >(sensor_msgs::msg::PointCloud2_<std::allocator<void> > const&, sensor_msgs::msg::PointCloud2_<std::allocator<void> >&, geometry_msgs::msg::TransformStamped_<std::allocator<void> > const&)'
[0.864s] collect2: error: ld returned 1 exit status
[0.865s] gmake[2]: *** [CMakeFiles/demo01_tf_spin.dir/build.make:326: demo01_tf_spin] Error 1
[0.866s] gmake[1]: *** [CMakeFiles/Makefile2:165: CMakeFiles/demo01_tf_spin.dir/all] Error 2
[0.866s] gmake[1]: *** Waiting for unfinished jobs....
[10.358s] [ 75%] [32m[1mLinking CXX executable demo01_pcl_spin[0m
[11.142s] [ 75%] Built target demo01_pcl_spin
[11.143s] gmake: *** [Makefile:146: all] Error 2
[11.146s] Invoked command in '/home/simpletime/Project/learn02_pcl_spin/build/cpp01_pcl_spin' returned '2': CMAKE_PREFIX_PATH=${CMAKE_PREFIX_PATH}:/opt/ros/humble /usr/bin/cmake --build /home/simpletime/Project/learn02_pcl_spin/build/cpp01_pcl_spin -- -j32 -l32
