[0.013s] Invoking command in '/home/simpletime/Project/learn02_pcl_spin/build/cpp01_pcl_spin': CMAKE_PREFIX_PATH=${CMAKE_PREFIX_PATH}:/opt/ros/humble /usr/bin/cmake --build /home/simpletime/Project/learn02_pcl_spin/build/cpp01_pcl_spin -- -j32 -l32
[0.055s] [35m[1mConsolidate compiler generated dependencies of target demo01_pcl_spin[0m
[0.084s] [ 50%] [32mBuilding CXX object CMakeFiles/demo01_pcl_spin.dir/src/demo01_pcl_spin.cpp.o[0m
[1.472s] [01m[K/home/simpletime/Project/learn02_pcl_spin/src/cpp01_pcl_spin/src/demo01_pcl_spin.cpp:7:10:[m[K [01;31m[Kfatal error: [m[Ktransform_listener.h: No such file or directory
[1.472s]     7 | #include [01;31m[K<transform_listener.h>[m[K
[1.472s]       |          [01;31m[K^~~~~~~~~~~~~~~~~~~~~~[m[K
[1.472s] compilation terminated.
[1.485s] gmake[2]: *** [CMakeFiles/demo01_pcl_spin.dir/build.make:76: CMakeFiles/demo01_pcl_spin.dir/src/demo01_pcl_spin.cpp.o] Error 1
[1.486s] gmake[1]: *** [CMakeFiles/Makefile2:137: CMakeFiles/demo01_pcl_spin.dir/all] Error 2
[1.486s] gmake: *** [Makefile:146: all] Error 2
[1.489s] Invoked command in '/home/simpletime/Project/learn02_pcl_spin/build/cpp01_pcl_spin' returned '2': CMAKE_PREFIX_PATH=${CMAKE_PREFIX_PATH}:/opt/ros/humble /usr/bin/cmake --build /home/simpletime/Project/learn02_pcl_spin/build/cpp01_pcl_spin -- -j32 -l32
