[0.022s] Invoking command in '/home/simpletime/Project/ws02_tools/build/cpp01_tf_broadcaster': CMAKE_PREFIX_PATH=/opt/ros/humble /usr/bin/cmake --build /home/simpletime/Project/ws02_tools/build/cpp01_tf_broadcaster -- -j32 -l32
[0.113s] -- Found ament_cmake: 1.3.10 (/opt/ros/humble/share/ament_cmake/cmake)
[0.256s] -- Found rclcpp: 16.0.10 (/opt/ros/humble/share/rclcpp/cmake)
[0.414s] -- Found rosidl_generator_c: 3.1.5 (/opt/ros/humble/share/rosidl_generator_c/cmake)
[0.418s] -- Found rosidl_adapter: 3.1.5 (/opt/ros/humble/share/rosidl_adapter/cmake)
[0.429s] -- Found rosidl_generator_cpp: 3.1.5 (/opt/ros/humble/share/rosidl_generator_cpp/cmake)
[0.444s] -- Using all available rosidl_typesupport_c: rosidl_typesupport_fastrtps_c;rosidl_typesupport_introspection_c
[0.460s] -- Using all available rosidl_typesupport_cpp: rosidl_typesupport_fastrtps_cpp;rosidl_typesupport_introspection_cpp
[0.507s] -- Found rmw_implementation_cmake: 6.1.2 (/opt/ros/humble/share/rmw_implementation_cmake/cmake)
[0.510s] -- Found rmw_fastrtps_cpp: 6.2.7 (/opt/ros/humble/share/rmw_fastrtps_cpp/cmake)
[4.485s] -- Using RMW implementation 'rmw_fastrtps_cpp' as default
[4.558s] -- Found tf2: 0.25.8 (/opt/ros/humble/share/tf2/cmake)
[4.583s] -- Found tf2_ros: 0.25.8 (/opt/ros/humble/share/tf2_ros/cmake)
[4.686s] -- Found turtlesim: 1.4.2 (/opt/ros/humble/share/turtlesim/cmake)
[4.704s] -- Found sensor_msgs: 4.2.4 (/opt/ros/humble/share/sensor_msgs/cmake)
[4.741s] -- Eigen found (include: /usr/include/eigen3, version: 3.4.0)
[6.039s] -- FLANN found (include: /usr/include, lib: /usr/lib/x86_64-linux-gnu/libflann_cpp.so)
[9.180s] -- OpenNI found (version: 1.5.4.0, include: /usr/include/ni, lib: /usr/lib/libOpenNI.so;libusb::libusb)
[9.186s] -- OpenNI2 found (version: 2.2.0.33, include: /usr/include/openni2, lib: /usr/lib/x86_64-linux-gnu/libOpenNI2.so;libusb::libusb)
[9.186s] [0m** WARNING ** io features related to pcap will be disabled[0m
[10.833s] -- Eigen found (include: /usr/include/eigen3, version: 3.4.0)
[10.839s] -- OpenNI found (version: 1.5.4.0, include: /usr/include/ni, lib: /usr/lib/libOpenNI.so;libusb::libusb)
[10.846s] -- OpenNI2 found (version: 2.2.0.33, include: /usr/include/openni2, lib: /usr/lib/x86_64-linux-gnu/libOpenNI2.so;libusb::libusb)
[12.466s] -- Found Qhull version 8.0.2
[14.061s] -- OpenNI found (version: 1.5.4.0, include: /usr/include/ni, lib: /usr/lib/libOpenNI.so;libusb::libusb)
[15.654s] -- looking for PCL_COMMON
[15.654s] -- looking for PCL_KDTREE
[15.655s] -- looking for PCL_OCTREE
[15.655s] -- looking for PCL_SEARCH
[15.655s] -- looking for PCL_SAMPLE_CONSENSUS
[15.656s] -- looking for PCL_FILTERS
[15.656s] -- looking for PCL_2D
[15.657s] -- looking for PCL_GEOMETRY
[15.657s] -- looking for PCL_IO
[15.657s] -- looking for PCL_FEATURES
[15.658s] -- looking for PCL_ML
[15.658s] -- looking for PCL_SEGMENTATION
[15.658s] -- looking for PCL_VISUALIZATION
[15.659s] -- looking for PCL_SURFACE
[15.659s] -- looking for PCL_REGISTRATION
[15.660s] -- looking for PCL_KEYPOINTS
[15.660s] -- looking for PCL_TRACKING
[15.660s] -- looking for PCL_RECOGNITION
[15.661s] -- looking for PCL_STEREO
[15.661s] -- looking for PCL_APPS
[15.662s] -- looking for PCL_IN_HAND_SCANNER
[15.662s] -- looking for PCL_MODELER
[15.662s] -- looking for PCL_POINT_CLOUD_EDITOR
[15.663s] -- looking for PCL_OUTOFCORE
[15.663s] -- looking for PCL_PEOPLE
[15.672s] -- Found rviz2: 11.2.13 (/opt/ros/humble/share/rviz2/cmake)
[15.680s] -- Found ament_lint_auto: 0.12.11 (/opt/ros/humble/share/ament_lint_auto/cmake)
[15.771s] -- Added test 'cppcheck' to perform static code analysis on C / C++ code
[15.771s] -- Configured cppcheck include dirs: $<BUILD_INTERFACE:/home/simpletime/Project/ws02_tools/src/cpp01_tf_broadcaster/include>
[15.772s] -- Configured cppcheck exclude dirs and/or files: 
[15.773s] -- Added test 'lint_cmake' to check CMake code style
[15.774s] -- Added test 'uncrustify' to check C / C++ code style
[15.774s] -- Configured uncrustify additional arguments: 
[15.775s] -- Added test 'xmllint' to check XML markup files
[15.777s] -- Configuring done
[15.828s] -- Generating done
[15.832s] -- Build files have been written to: /home/simpletime/Project/ws02_tools/build/cpp01_tf_broadcaster
[15.879s] [35m[1mConsolidate compiler generated dependencies of target demo02_dynamic_tf_broadcaster[0m
[15.879s] [35m[1mConsolidate compiler generated dependencies of target demo00_run[0m
[15.879s] [35m[1mConsolidate compiler generated dependencies of target demo00_run1[0m
[15.879s] [35m[1mConsolidate compiler generated dependencies of target demo03_tf_listener[0m
[15.880s] [35m[1mConsolidate compiler generated dependencies of target demo01_static_tf_broadcaster[0m
[15.880s] [35m[1mConsolidate compiler generated dependencies of target demo04_pcl_reader[0m
[15.900s] [  8%] [32mBuilding CXX object CMakeFiles/demo04_pcl_reader.dir/src/demo04_pcl_reader.cpp.o[0m
[15.905s] [ 50%] [32mBuilding CXX object CMakeFiles/demo01_static_tf_broadcaster.dir/src/demo01_static_tf_broadcaster.cpp.o[0m
[15.905s] [ 50%] [32mBuilding CXX object CMakeFiles/demo02_dynamic_tf_broadcaster.dir/src/demo02_dynamic_tf_broadcaster.cpp.o[0m
[15.905s] [ 50%] [32mBuilding CXX object CMakeFiles/demo00_run.dir/src/demo00_run.cpp.o[0m
[15.906s] [ 50%] [32mBuilding CXX object CMakeFiles/demo00_run1.dir/src/demo00_run1.cpp.o[0m
[15.906s] [ 50%] [32mBuilding CXX object CMakeFiles/demo03_tf_listener.dir/src/demo03_tf_listener.cpp.o[0m
[16.475s] [01m[K/home/simpletime/Project/ws02_tools/src/cpp01_tf_broadcaster/src/demo04_pcl_reader.cpp:3:10:[m[K [01;31m[Kfatal error: [m[Ksensor_msgs/msg/point_cloud2.hpp: No such file or directory
[16.475s]     3 | #include [01;31m[K"sensor_msgs/msg/point_cloud2.hpp"[m[K
[16.475s]       |          [01;31m[K^~~~~~~~~~~~~~~~~~~~~~~~~~~~~~~~~~[m[K
[16.476s] compilation terminated.
[16.478s] gmake[2]: *** [CMakeFiles/demo04_pcl_reader.dir/build.make:76: CMakeFiles/demo04_pcl_reader.dir/src/demo04_pcl_reader.cpp.o] Error 1
[16.479s] gmake[1]: *** [CMakeFiles/Makefile2:277: CMakeFiles/demo04_pcl_reader.dir/all] Error 2
[16.479s] gmake[1]: *** Waiting for unfinished jobs....
[19.355s] [01m[K/home/simpletime/Project/ws02_tools/src/cpp01_tf_broadcaster/src/demo02_dynamic_tf_broadcaster.cpp:[m[K In member function â€˜[01m[Kvoid TFDynBroadcaster::do_pose(const TransformStamped&)[m[Kâ€™:
[19.356s] [01m[K/home/simpletime/Project/ws02_tools/src/cpp01_tf_broadcaster/src/demo02_dynamic_tf_broadcaster.cpp:17:61:[m[K [01;35m[Kwarning: [m[Kunused parameter â€˜[01m[Kcenter[m[Kâ€™ [[01;35m[K]8;;https://gcc.gnu.org/onlinedocs/gcc/Warning-Options.html#index-Wunused-parameter-Wunused-parameter]8;;[m[K]
[19.356s]    17 |   void do_pose([01;35m[Kconst geometry_msgs::msg::TransformStamped & center[m[K){
[19.356s]       |                [01;35m[K~~~~~~~~~~~~~~~~~~~~~~~~~~~~~~~~~~~~~~~~~~~~~^~~~~~[m[K
[19.512s] [01m[K/home/simpletime/Project/ws02_tools/src/cpp01_tf_broadcaster/src/demo03_tf_listener.cpp:[m[K In member function â€˜[01m[Kvoid TFListener::getTransform()[m[Kâ€™:
[19.513s] [01m[K/home/simpletime/Project/ws02_tools/src/cpp01_tf_broadcaster/src/demo03_tf_listener.cpp:27:16:[m[K [01;35m[Kwarning: [m[Kunused variable â€˜[01m[Ky[m[Kâ€™ [[01;35m[K]8;;https://gcc.gnu.org/onlinedocs/gcc/Warning-Options.html#index-Wunused-variable-Wunused-variable]8;;[m[K]
[19.513s]    27 |         double [01;35m[Ky[m[K,p,r;
[19.513s]       |                [01;35m[K^[m[K
[19.513s] [01m[K/home/simpletime/Project/ws02_tools/src/cpp01_tf_broadcaster/src/demo03_tf_listener.cpp:27:18:[m[K [01;35m[Kwarning: [m[Kunused variable â€˜[01m[Kp[m[Kâ€™ [[01;35m[K]8;;https://gcc.gnu.org/onlinedocs/gcc/Warning-Options.html#index-Wunused-variable-Wunused-variable]8;;[m[K]
[19.513s]    27 |         double y,[01;35m[Kp[m[K,r;
[19.513s]       |                  [01;35m[K^[m[K
[19.513s] [01m[K/home/simpletime/Project/ws02_tools/src/cpp01_tf_broadcaster/src/demo03_tf_listener.cpp:27:20:[m[K [01;35m[Kwarning: [m[Kunused variable â€˜[01m[Kr[m[Kâ€™ [[01;35m[K]8;;https://gcc.gnu.org/onlinedocs/gcc/Warning-Options.html#index-Wunused-variable-Wunused-variable]8;;[m[K]
[19.513s]    27 |         double y,p,[01;35m[Kr[m[K;
[19.513s]       |                    [01;35m[K^[m[K
[21.100s] [ 58%] [32m[1mLinking CXX executable demo01_static_tf_broadcaster[0m
[21.277s] [ 66%] [32m[1mLinking CXX executable demo00_run[0m
[21.392s] [ 75%] [32m[1mLinking CXX executable demo00_run1[0m
[21.474s] [ 75%] Built target demo01_static_tf_broadcaster
[21.562s] [ 75%] Built target demo00_run
[21.687s] [ 75%] Built target demo00_run1
[25.634s] [ 83%] [32m[1mLinking CXX executable demo02_dynamic_tf_broadcaster[0m
[25.878s] [ 91%] [32m[1mLinking CXX executable demo03_tf_listener[0m
[26.079s] [ 91%] Built target demo02_dynamic_tf_broadcaster
[26.320s] [ 91%] Built target demo03_tf_listener
[26.321s] gmake: *** [Makefile:146: all] Error 2
[26.325s] Invoked command in '/home/simpletime/Project/ws02_tools/build/cpp01_tf_broadcaster' returned '2': CMAKE_PREFIX_PATH=/opt/ros/humble /usr/bin/cmake --build /home/simpletime/Project/ws02_tools/build/cpp01_tf_broadcaster -- -j32 -l32
